[ 2017-05-17T22:56:47+08:00 ] ::1 /webzuoye/index.html
INFO: [ app_init ] --START--
INFO: Run Behavior\BuildLiteBehavior [ RunTime:0.000020s ]
INFO: [ app_init ] --END-- [ RunTime:0.026572s ]

[ 2017-05-17T22:56:49+08:00 ] ::1 /webzuoye/index/login.html
INFO: [ app_init ] --START--
INFO: Run Behavior\BuildLiteBehavior [ RunTime:0.000007s ]
INFO: [ app_init ] --END-- [ RunTime:0.000038s ]
INFO: [ app_begin ] --START--
INFO: Run Behavior\ReadHtmlCacheBehavior [ RunTime:0.000439s ]
INFO: [ app_begin ] --END-- [ RunTime:0.000472s ]
SQL: SHOW COLUMNS FROM `rs_user` [ RunTime:0.2027s ]
NOTIC: [8] Undefined index: validate F:\xampp\htdocs\webzuoye\ThinkPHP\Library\Think\Model.class.php 第 1185 行.
NOTIC: [8] Undefined index: auto F:\xampp\htdocs\webzuoye\ThinkPHP\Library\Think\Model.class.php 第 1128 行.
SQL: SELECT COUNT(*) AS tp_count FROM `rs_user` WHERE `user` = '333' AND `pwd` = 'e10adc3949ba59abbe56e057f20f883e' AND `status` = 1 LIMIT 1   [ RunTime:0.0916s ]
INFO: [ app_end ] --START--
INFO: Run Behavior\ShowPageTraceBehavior [ RunTime:0.001620s ]
INFO: [ app_end ] --END-- [ RunTime:0.001727s ]

[ 2017-05-17T22:56:49+08:00 ] ::1 /webzuoye/user/index.html
INFO: [ app_init ] --START--
INFO: Run Behavior\BuildLiteBehavior [ RunTime:0.000016s ]
INFO: [ app_init ] --END-- [ RunTime:0.000093s ]

[ 2017-05-17T22:56:49+08:00 ] ::1 /webzuoye/user/inform.html
INFO: [ app_init ] --START--
INFO: Run Behavior\BuildLiteBehavior [ RunTime:0.000029s ]
INFO: [ app_init ] --END-- [ RunTime:0.000085s ]

[ 2017-05-17T22:56:50+08:00 ] ::1 /webzuoye/user/inform.html
INFO: [ app_init ] --START--
INFO: Run Behavior\BuildLiteBehavior [ RunTime:0.000007s ]
INFO: [ app_init ] --END-- [ RunTime:0.000043s ]

[ 2017-05-17T22:56:51+08:00 ] ::1 /webzuoye/user/jiaoan.html
INFO: [ app_init ] --START--
INFO: Run Behavior\BuildLiteBehavior [ RunTime:0.000010s ]
INFO: [ app_init ] --END-- [ RunTime:0.000049s ]

[ 2017-05-17T22:56:54+08:00 ] ::1 /webzuoye/user/jiaoshijianjie.html
INFO: [ app_init ] --START--
INFO: Run Behavior\BuildLiteBehavior [ RunTime:0.000009s ]
INFO: [ app_init ] --END-- [ RunTime:0.000049s ]

[ 2017-05-17T22:56:54+08:00 ] ::1 /webzuoye/user/kechengdagang.html
INFO: [ app_init ] --START--
INFO: Run Behavior\BuildLiteBehavior [ RunTime:0.000008s ]
INFO: [ app_init ] --END-- [ RunTime:0.000045s ]

[ 2017-05-17T22:56:55+08:00 ] ::1 /webzuoye/user/kechengjianjie.html
INFO: [ app_init ] --START--
INFO: Run Behavior\BuildLiteBehavior [ RunTime:0.000007s ]
INFO: [ app_init ] --END-- [ RunTime:0.000039s ]

[ 2017-05-17T22:56:56+08:00 ] ::1 /webzuoye/user/nopass.html
INFO: [ app_init ] --START--
INFO: Run Behavior\BuildLiteBehavior [ RunTime:0.000008s ]
INFO: [ app_init ] --END-- [ RunTime:0.000047s ]

[ 2017-05-17T22:56:58+08:00 ] ::1 /webzuoye/user/kejian.html
INFO: [ app_init ] --START--
INFO: Run Behavior\BuildLiteBehavior [ RunTime:0.000010s ]
INFO: [ app_init ] --END-- [ RunTime:0.000053s ]

[ 2017-05-17T22:57:01+08:00 ] ::1 /webzuoye/user/creat.html
INFO: [ app_init ] --START--
INFO: Run Behavior\BuildLiteBehavior [ RunTime:0.000008s ]
INFO: [ app_init ] --END-- [ RunTime:0.000048s ]

[ 2017-05-17T22:57:01+08:00 ] ::1 /webzuoye/public/js/laydate.js
INFO: [ app_init ] --START--
INFO: Run Behavior\BuildLiteBehavior [ RunTime:0.000014s ]
INFO: [ app_init ] --END-- [ RunTime:0.000074s ]
ERR: 无法加载控制器:Public

[ 2017-05-17T22:57:02+08:00 ] ::1 /webzuoye/user/daishenpi.html
INFO: [ app_init ] --START--
INFO: Run Behavior\BuildLiteBehavior [ RunTime:0.000012s ]
INFO: [ app_init ] --END-- [ RunTime:0.000058s ]

[ 2017-05-17T22:57:02+08:00 ] ::1 /webzuoye/user/pass.html
INFO: [ app_init ] --START--
INFO: Run Behavior\BuildLiteBehavior [ RunTime:0.000008s ]
INFO: [ app_init ] --END-- [ RunTime:0.000044s ]

[ 2017-05-17T22:57:09+08:00 ] ::1 /webzuoye/user/nopass.html
INFO: [ app_init ] --START--
INFO: Run Behavior\BuildLiteBehavior [ RunTime:0.000007s ]
INFO: [ app_init ] --END-- [ RunTime:0.000040s ]

[ 2017-05-17T23:04:07+08:00 ] ::1 /webzuoye/index.html
INFO: [ app_init ] --START--
INFO: Run Behavior\BuildLiteBehavior [ RunTime:0.000008s ]
INFO: [ app_init ] --END-- [ RunTime:0.000046s ]

[ 2017-05-17T23:04:09+08:00 ] ::1 /webzuoye/index/login.html
INFO: [ app_init ] --START--
INFO: Run Behavior\BuildLiteBehavior [ RunTime:0.000008s ]
INFO: [ app_init ] --END-- [ RunTime:0.000049s ]
INFO: [ app_begin ] --START--
INFO: Run Behavior\ReadHtmlCacheBehavior [ RunTime:0.000537s ]
INFO: [ app_begin ] --END-- [ RunTime:0.000577s ]
SQL: SHOW COLUMNS FROM `rs_user` [ RunTime:0.1527s ]
NOTIC: [8] Undefined index: validate F:\xampp\htdocs\webzuoye\ThinkPHP\Library\Think\Model.class.php 第 1185 行.
NOTIC: [8] Undefined index: auto F:\xampp\htdocs\webzuoye\ThinkPHP\Library\Think\Model.class.php 第 1128 行.
SQL: SELECT COUNT(*) AS tp_count FROM `rs_user` WHERE `user` = '333' AND `pwd` = 'e10adc3949ba59abbe56e057f20f883e' AND `status` = 1 LIMIT 1   [ RunTime:0.0004s ]
INFO: [ app_end ] --START--
INFO: Run Behavior\ShowPageTraceBehavior [ RunTime:0.000636s ]
INFO: [ app_end ] --END-- [ RunTime:0.000673s ]

[ 2017-05-17T23:04:09+08:00 ] ::1 /webzuoye/user/index.html
INFO: [ app_init ] --START--
INFO: Run Behavior\BuildLiteBehavior [ RunTime:0.000007s ]
INFO: [ app_init ] --END-- [ RunTime:0.000040s ]

[ 2017-05-17T23:04:09+08:00 ] ::1 /webzuoye/user/inform.html
INFO: [ app_init ] --START--
INFO: Run Behavior\BuildLiteBehavior [ RunTime:0.000008s ]
INFO: [ app_init ] --END-- [ RunTime:0.000044s ]

[ 2017-05-17T23:04:12+08:00 ] ::1 /webzuoye/user/kejian.html
INFO: [ app_init ] --START--
INFO: Run Behavior\BuildLiteBehavior [ RunTime:0.000008s ]
INFO: [ app_init ] --END-- [ RunTime:0.000042s ]

[ 2017-05-17T23:04:14+08:00 ] ::1 /webzuoye/user/shipin.html
INFO: [ app_init ] --START--
INFO: Run Behavior\BuildLiteBehavior [ RunTime:0.000006s ]
INFO: [ app_init ] --END-- [ RunTime:0.000040s ]

[ 2017-05-17T23:04:14+08:00 ] ::1 /webzuoye/user/MY_VIDEO_POSTER.jpg
INFO: [ app_init ] --START--
INFO: Run Behavior\BuildLiteBehavior [ RunTime:0.000009s ]
INFO: [ app_init ] --END-- [ RunTime:0.000071s ]

[ 2017-05-17T23:04:14+08:00 ] ::1 /webzuoye/user/MY_VIDEO_POSTER.jpg
INFO: [ app_init ] --START--
INFO: Run Behavior\BuildLiteBehavior [ RunTime:0.000007s ]
INFO: [ app_init ] --END-- [ RunTime:0.000042s ]

[ 2017-05-17T23:05:58+08:00 ] ::1 /webzuoye/user/shipin.html
INFO: [ app_init ] --START--
INFO: Run Behavior\BuildLiteBehavior [ RunTime:0.000008s ]
INFO: [ app_init ] --END-- [ RunTime:0.000043s ]

[ 2017-05-17T23:05:58+08:00 ] ::1 /webzuoye/user/MY_VIDEO_POSTER.jpg
INFO: [ app_init ] --START--
INFO: Run Behavior\BuildLiteBehavior [ RunTime:0.000008s ]
INFO: [ app_init ] --END-- [ RunTime:0.000042s ]

[ 2017-05-17T23:05:58+08:00 ] ::1 /webzuoye/user/MY_VIDEO_POSTER.jpg
INFO: [ app_init ] --START--
INFO: Run Behavior\BuildLiteBehavior [ RunTime:0.000007s ]
INFO: [ app_init ] --END-- [ RunTime:0.000041s ]

[ 2017-05-17T23:06:43+08:00 ] ::1 /webzuoye/user/shipin.html
INFO: [ app_init ] --START--
INFO: Run Behavior\BuildLiteBehavior [ RunTime:0.000007s ]
INFO: [ app_init ] --END-- [ RunTime:0.000040s ]

[ 2017-05-17T23:06:43+08:00 ] ::1 /webzuoye/user/MY_VIDEO_POSTER.jpg
INFO: [ app_init ] --START--
INFO: Run Behavior\BuildLiteBehavior [ RunTime:0.000007s ]
INFO: [ app_init ] --END-- [ RunTime:0.000041s ]

[ 2017-05-17T23:06:43+08:00 ] ::1 /webzuoye/user/MY_VIDEO_POSTER.jpg
INFO: [ app_init ] --START--
INFO: Run Behavior\BuildLiteBehavior [ RunTime:0.000007s ]
INFO: [ app_init ] --END-- [ RunTime:0.000042s ]

[ 2017-05-17T23:07:25+08:00 ] ::1 /webzuoye/user/shipin.html
INFO: [ app_init ] --START--
INFO: Run Behavior\BuildLiteBehavior [ RunTime:0.000007s ]
INFO: [ app_init ] --END-- [ RunTime:0.000040s ]

[ 2017-05-17T23:07:25+08:00 ] ::1 /webzuoye/user/MY_VIDEO_POSTER.jpg
INFO: [ app_init ] --START--
INFO: Run Behavior\BuildLiteBehavior [ RunTime:0.000009s ]
INFO: [ app_init ] --END-- [ RunTime:0.000049s ]

[ 2017-05-17T23:07:25+08:00 ] ::1 /webzuoye/user/MY_VIDEO_POSTER.jpg
INFO: [ app_init ] --START--
INFO: Run Behavior\BuildLiteBehavior [ RunTime:0.000008s ]
INFO: [ app_init ] --END-- [ RunTime:0.000041s ]

[ 2017-05-17T23:07:47+08:00 ] ::1 /webzuoye/user/index.html
INFO: [ app_init ] --START--
INFO: Run Behavior\BuildLiteBehavior [ RunTime:0.000007s ]
INFO: [ app_init ] --END-- [ RunTime:0.000047s ]

[ 2017-05-17T23:07:48+08:00 ] ::1 /webzuoye/user/inform.html
INFO: [ app_init ] --START--
INFO: Run Behavior\BuildLiteBehavior [ RunTime:0.000008s ]
INFO: [ app_init ] --END-- [ RunTime:0.000040s ]

[ 2017-05-17T23:07:51+08:00 ] ::1 /webzuoye/user/shipin.html
INFO: [ app_init ] --START--
INFO: Run Behavior\BuildLiteBehavior [ RunTime:0.000007s ]
INFO: [ app_init ] --END-- [ RunTime:0.000037s ]

[ 2017-05-17T23:07:51+08:00 ] ::1 /webzuoye/user/MY_VIDEO_POSTER.jpg
INFO: [ app_init ] --START--
INFO: Run Behavior\BuildLiteBehavior [ RunTime:0.000011s ]
INFO: [ app_init ] --END-- [ RunTime:0.000085s ]

[ 2017-05-17T23:08:53+08:00 ] ::1 /webzuoye/user/creat.html
INFO: [ app_init ] --START--
INFO: Run Behavior\BuildLiteBehavior [ RunTime:0.000007s ]
INFO: [ app_init ] --END-- [ RunTime:0.000038s ]

[ 2017-05-17T23:08:53+08:00 ] ::1 /webzuoye/public/js/laydate.js
INFO: [ app_init ] --START--
INFO: Run Behavior\BuildLiteBehavior [ RunTime:0.000007s ]
INFO: [ app_init ] --END-- [ RunTime:0.000040s ]
ERR: 无法加载控制器:Public

[ 2017-05-17T23:08:56+08:00 ] ::1 /webzuoye/user/daishenpi.html
INFO: [ app_init ] --START--
INFO: Run Behavior\BuildLiteBehavior [ RunTime:0.000009s ]
INFO: [ app_init ] --END-- [ RunTime:0.000049s ]

[ 2017-05-17T23:08:56+08:00 ] ::1 /webzuoye/user/creat.html
INFO: [ app_init ] --START--
INFO: Run Behavior\BuildLiteBehavior [ RunTime:0.000007s ]
INFO: [ app_init ] --END-- [ RunTime:0.000040s ]

[ 2017-05-17T23:08:56+08:00 ] ::1 /webzuoye/user/daishenpi.html
INFO: [ app_init ] --START--
INFO: Run Behavior\BuildLiteBehavior [ RunTime:0.000008s ]
INFO: [ app_init ] --END-- [ RunTime:0.000069s ]

[ 2017-05-17T23:08:56+08:00 ] ::1 /webzuoye/user/pass.html
INFO: [ app_init ] --START--
INFO: Run Behavior\BuildLiteBehavior [ RunTime:0.000007s ]
INFO: [ app_init ] --END-- [ RunTime:0.000042s ]

[ 2017-05-17T23:08:56+08:00 ] ::1 /webzuoye/user/creat.html
INFO: [ app_init ] --START--
INFO: Run Behavior\BuildLiteBehavior [ RunTime:0.000008s ]
INFO: [ app_init ] --END-- [ RunTime:0.000070s ]

[ 2017-05-17T23:08:56+08:00 ] ::1 /webzuoye/user/daishenpi.html
INFO: [ app_init ] --START--
INFO: Run Behavior\BuildLiteBehavior [ RunTime:0.000009s ]
INFO: [ app_init ] --END-- [ RunTime:0.000044s ]

[ 2017-05-17T23:08:56+08:00 ] ::1 /webzuoye/user/creat.html
INFO: [ app_init ] --START--
INFO: Run Behavior\BuildLiteBehavior [ RunTime:0.000008s ]
INFO: [ app_init ] --END-- [ RunTime:0.000047s ]

[ 2017-05-17T23:08:56+08:00 ] ::1 /webzuoye/public/js/laydate.js
INFO: [ app_init ] --START--
INFO: Run Behavior\BuildLiteBehavior [ RunTime:0.000009s ]
INFO: [ app_init ] --END-- [ RunTime:0.000047s ]
ERR: 无法加载控制器:Public

[ 2017-05-17T23:08:57+08:00 ] ::1 /webzuoye/user/daishenpi.html
INFO: [ app_init ] --START--
INFO: Run Behavior\BuildLiteBehavior [ RunTime:0.000008s ]
INFO: [ app_init ] --END-- [ RunTime:0.000047s ]

[ 2017-05-17T23:08:59+08:00 ] ::1 /webzuoye/user/jiaoan.html
INFO: [ app_init ] --START--
INFO: Run Behavior\BuildLiteBehavior [ RunTime:0.000008s ]
INFO: [ app_init ] --END-- [ RunTime:0.000048s ]

[ 2017-05-17T23:14:06+08:00 ] ::1 /webzuoye/user/index.html
INFO: [ app_init ] --START--
INFO: Run Behavior\BuildLiteBehavior [ RunTime:0.000008s ]
INFO: [ app_init ] --END-- [ RunTime:0.000105s ]

[ 2017-05-17T23:14:06+08:00 ] ::1 /webzuoye/user/inform.html
INFO: [ app_init ] --START--
INFO: Run Behavior\BuildLiteBehavior [ RunTime:0.000008s ]
INFO: [ app_init ] --END-- [ RunTime:0.000041s ]

[ 2017-05-17T23:14:09+08:00 ] ::1 /webzuoye/user/shiyandagang.html
INFO: [ app_init ] --START--
INFO: Run Behavior\BuildLiteBehavior [ RunTime:0.000008s ]
INFO: [ app_init ] --END-- [ RunTime:0.000039s ]

[ 2017-05-17T23:15:46+08:00 ] ::1 /webzuoye/user/daishenpi.html
INFO: [ app_init ] --START--
INFO: Run Behavior\BuildLiteBehavior [ RunTime:0.000007s ]
INFO: [ app_init ] --END-- [ RunTime:0.000040s ]

[ 2017-05-17T23:16:24+08:00 ] ::1 /webzuoye/user/daishenpi.html
INFO: [ app_init ] --START--
INFO: Run Behavior\BuildLiteBehavior [ RunTime:0.000008s ]
INFO: [ app_init ] --END-- [ RunTime:0.000040s ]

[ 2017-05-17T23:20:53+08:00 ] ::1 /webzuoye/user/shiyandagang.html
INFO: [ app_init ] --START--
INFO: Run Behavior\BuildLiteBehavior [ RunTime:0.000007s ]
INFO: [ app_init ] --END-- [ RunTime:0.000042s ]

[ 2017-05-17T23:20:56+08:00 ] ::1 /webzuoye/user/inform.html
INFO: [ app_init ] --START--
INFO: Run Behavior\BuildLiteBehavior [ RunTime:0.000008s ]
INFO: [ app_init ] --END-- [ RunTime:0.000041s ]

[ 2017-05-17T23:21:00+08:00 ] ::1 /webzuoye/user/inform.html
INFO: [ app_init ] --START--
INFO: Run Behavior\BuildLiteBehavior [ RunTime:0.000015s ]
INFO: [ app_init ] --END-- [ RunTime:0.000068s ]

[ 2017-05-17T23:21:11+08:00 ] ::1 /webzuoye/user/creat.html
INFO: [ app_init ] --START--
INFO: Run Behavior\BuildLiteBehavior [ RunTime:0.000006s ]
INFO: [ app_init ] --END-- [ RunTime:0.000039s ]

[ 2017-05-17T23:21:11+08:00 ] ::1 /webzuoye/public/js/laydate.js
INFO: [ app_init ] --START--
INFO: Run Behavior\BuildLiteBehavior [ RunTime:0.000008s ]
INFO: [ app_init ] --END-- [ RunTime:0.000042s ]
ERR: 无法加载控制器:Public

