[ 2017-05-19T14:11:57+08:00 ] ::1 /webzuoye/
INFO: [ app_init ] --START--
INFO: Run Behavior\BuildLiteBehavior [ RunTime:0.000029s ]
INFO: [ app_init ] --END-- [ RunTime:0.027388s ]

[ 2017-05-19T14:11:59+08:00 ] ::1 /webzuoye/index/login.html
INFO: [ app_init ] --START--
INFO: Run Behavior\BuildLiteBehavior [ RunTime:0.000009s ]
INFO: [ app_init ] --END-- [ RunTime:0.000049s ]
INFO: [ app_begin ] --START--
INFO: Run Behavior\ReadHtmlCacheBehavior [ RunTime:0.000614s ]
INFO: [ app_begin ] --END-- [ RunTime:0.000659s ]
SQL: SHOW COLUMNS FROM `rs_user` [ RunTime:0.1402s ]
NOTIC: [8] Undefined index: validate F:\xampp\htdocs\webzuoye\ThinkPHP\Library\Think\Model.class.php 第 1185 行.
NOTIC: [8] Undefined index: auto F:\xampp\htdocs\webzuoye\ThinkPHP\Library\Think\Model.class.php 第 1128 行.
SQL: SELECT COUNT(*) AS tp_count FROM `rs_user` WHERE `user` = '333' AND `pwd` = 'e10adc3949ba59abbe56e057f20f883e' AND `status` = 1 LIMIT 1   [ RunTime:0.0399s ]
INFO: [ app_end ] --START--
INFO: Run Behavior\ShowPageTraceBehavior [ RunTime:0.001708s ]
INFO: [ app_end ] --END-- [ RunTime:0.001810s ]

[ 2017-05-19T14:12:00+08:00 ] ::1 /webzuoye/user/index.html
INFO: [ app_init ] --START--
INFO: Run Behavior\BuildLiteBehavior [ RunTime:0.000024s ]
INFO: [ app_init ] --END-- [ RunTime:0.000131s ]

[ 2017-05-19T14:12:00+08:00 ] ::1 /webzuoye/user/inform.html
INFO: [ app_init ] --START--
INFO: Run Behavior\BuildLiteBehavior [ RunTime:0.000009s ]
INFO: [ app_init ] --END-- [ RunTime:0.000052s ]

[ 2017-05-19T14:12:02+08:00 ] ::1 /webzuoye/user/jiaoan.html
INFO: [ app_init ] --START--
INFO: Run Behavior\BuildLiteBehavior [ RunTime:0.000008s ]
INFO: [ app_init ] --END-- [ RunTime:0.000049s ]

[ 2017-05-19T14:12:05+08:00 ] ::1 /webzuoye/user/kejian.html
INFO: [ app_init ] --START--
INFO: Run Behavior\BuildLiteBehavior [ RunTime:0.000008s ]
INFO: [ app_init ] --END-- [ RunTime:0.000048s ]

[ 2017-05-19T14:12:06+08:00 ] ::1 /webzuoye/user/shipin.html
INFO: [ app_init ] --START--
INFO: Run Behavior\BuildLiteBehavior [ RunTime:0.000009s ]
INFO: [ app_init ] --END-- [ RunTime:0.000052s ]

[ 2017-05-19T14:12:06+08:00 ] ::1 /webzuoye/user/MY_VIDEO_POSTER.jpg
INFO: [ app_init ] --START--
INFO: Run Behavior\BuildLiteBehavior [ RunTime:0.000024s ]
INFO: [ app_init ] --END-- [ RunTime:0.000131s ]

[ 2017-05-19T14:12:06+08:00 ] ::1 /webzuoye/user/MY_VIDEO_POSTER.jpg
INFO: [ app_init ] --START--
INFO: Run Behavior\BuildLiteBehavior [ RunTime:0.000010s ]
INFO: [ app_init ] --END-- [ RunTime:0.000053s ]

[ 2017-05-19T14:12:06+08:00 ] ::1 /webzuoye/user/MY_VIDEO_POSTER.jpg
INFO: [ app_init ] --START--
INFO: Run Behavior\BuildLiteBehavior [ RunTime:0.000010s ]
INFO: [ app_init ] --END-- [ RunTime:0.000052s ]

[ 2017-05-19T14:12:22+08:00 ] ::1 /webzuoye/user/jiaoshijianjie.html
INFO: [ app_init ] --START--
INFO: Run Behavior\BuildLiteBehavior [ RunTime:0.000015s ]
INFO: [ app_init ] --END-- [ RunTime:0.000073s ]

[ 2017-05-19T14:12:26+08:00 ] ::1 /webzuoye/user/jiaoan.html
INFO: [ app_init ] --START--
INFO: Run Behavior\BuildLiteBehavior [ RunTime:0.000009s ]
INFO: [ app_init ] --END-- [ RunTime:0.000048s ]

[ 2017-05-19T14:12:30+08:00 ] ::1 /webzuoye/user/shiyandagang.html
INFO: [ app_init ] --START--
INFO: Run Behavior\BuildLiteBehavior [ RunTime:0.000009s ]
INFO: [ app_init ] --END-- [ RunTime:0.000049s ]

[ 2017-05-19T14:12:37+08:00 ] ::1 /webzuoye/user/pass.html
INFO: [ app_init ] --START--
INFO: Run Behavior\BuildLiteBehavior [ RunTime:0.000009s ]
INFO: [ app_init ] --END-- [ RunTime:0.000049s ]

[ 2017-05-19T14:12:39+08:00 ] ::1 /webzuoye/user/daishenpi.html
INFO: [ app_init ] --START--
INFO: Run Behavior\BuildLiteBehavior [ RunTime:0.000009s ]
INFO: [ app_init ] --END-- [ RunTime:0.000049s ]

[ 2017-05-19T14:12:40+08:00 ] ::1 /webzuoye/user/shiyandagang.html
INFO: [ app_init ] --START--
INFO: Run Behavior\BuildLiteBehavior [ RunTime:0.000009s ]
INFO: [ app_init ] --END-- [ RunTime:0.000049s ]

[ 2017-05-19T14:12:41+08:00 ] ::1 /webzuoye/user/daishenpi.html
INFO: [ app_init ] --START--
INFO: Run Behavior\BuildLiteBehavior [ RunTime:0.000010s ]
INFO: [ app_init ] --END-- [ RunTime:0.000053s ]

[ 2017-05-19T14:12:42+08:00 ] ::1 /webzuoye/user/pass.html
INFO: [ app_init ] --START--
INFO: Run Behavior\BuildLiteBehavior [ RunTime:0.000010s ]
INFO: [ app_init ] --END-- [ RunTime:0.000052s ]

[ 2017-05-19T14:12:44+08:00 ] ::1 /webzuoye/user/pass.html
INFO: [ app_init ] --START--
INFO: Run Behavior\BuildLiteBehavior [ RunTime:0.000009s ]
INFO: [ app_init ] --END-- [ RunTime:0.000054s ]

[ 2017-05-19T14:12:47+08:00 ] ::1 /webzuoye/user/pass.html
INFO: [ app_init ] --START--
INFO: Run Behavior\BuildLiteBehavior [ RunTime:0.000012s ]
INFO: [ app_init ] --END-- [ RunTime:0.000119s ]

[ 2017-05-19T14:12:47+08:00 ] ::1 /webzuoye/user/daishenpi.html
INFO: [ app_init ] --START--
INFO: Run Behavior\BuildLiteBehavior [ RunTime:0.000008s ]
INFO: [ app_init ] --END-- [ RunTime:0.000048s ]

[ 2017-05-19T14:12:48+08:00 ] ::1 /webzuoye/user/shiyandagang.html
INFO: [ app_init ] --START--
INFO: Run Behavior\BuildLiteBehavior [ RunTime:0.000009s ]
INFO: [ app_init ] --END-- [ RunTime:0.000048s ]

[ 2017-05-19T14:12:52+08:00 ] ::1 /webzuoye/user/daishenpi.html
INFO: [ app_init ] --START--
INFO: Run Behavior\BuildLiteBehavior [ RunTime:0.000008s ]
INFO: [ app_init ] --END-- [ RunTime:0.000049s ]

[ 2017-05-19T14:12:53+08:00 ] ::1 /webzuoye/user/shiyandagang.html
INFO: [ app_init ] --START--
INFO: Run Behavior\BuildLiteBehavior [ RunTime:0.000008s ]
INFO: [ app_init ] --END-- [ RunTime:0.000049s ]

[ 2017-05-19T14:12:55+08:00 ] ::1 /webzuoye/user/daishenpi.html
INFO: [ app_init ] --START--
INFO: Run Behavior\BuildLiteBehavior [ RunTime:0.000010s ]
INFO: [ app_init ] --END-- [ RunTime:0.000051s ]

[ 2017-05-19T14:12:59+08:00 ] ::1 /webzuoye/user/shiyandagang.html
INFO: [ app_init ] --START--
INFO: Run Behavior\BuildLiteBehavior [ RunTime:0.000009s ]
INFO: [ app_init ] --END-- [ RunTime:0.000053s ]

[ 2017-05-19T14:13:01+08:00 ] ::1 /webzuoye/user/daishenpi.html
INFO: [ app_init ] --START--
INFO: Run Behavior\BuildLiteBehavior [ RunTime:0.000009s ]
INFO: [ app_init ] --END-- [ RunTime:0.000047s ]

[ 2017-05-19T14:13:26+08:00 ] ::1 /webzuoye/user/daishenpi.html
INFO: [ app_init ] --START--
INFO: Run Behavior\BuildLiteBehavior [ RunTime:0.000009s ]
INFO: [ app_init ] --END-- [ RunTime:0.000049s ]

[ 2017-05-19T14:24:43+08:00 ] ::1 /webzuoye/user/index.html
INFO: [ app_init ] --START--
INFO: Run Behavior\BuildLiteBehavior [ RunTime:0.000014s ]
INFO: [ app_init ] --END-- [ RunTime:0.000083s ]

[ 2017-05-19T14:24:43+08:00 ] ::1 /webzuoye/user/inform.html
INFO: [ app_init ] --START--
INFO: Run Behavior\BuildLiteBehavior [ RunTime:0.000009s ]
INFO: [ app_init ] --END-- [ RunTime:0.000051s ]

[ 2017-05-19T14:24:45+08:00 ] ::1 /webzuoye/user/shiyandagang.html
INFO: [ app_init ] --START--
INFO: Run Behavior\BuildLiteBehavior [ RunTime:0.000008s ]
INFO: [ app_init ] --END-- [ RunTime:0.000049s ]

[ 2017-05-19T14:24:48+08:00 ] ::1 /webzuoye/user/shiyanzhidaoshu.html
INFO: [ app_init ] --START--
INFO: Run Behavior\BuildLiteBehavior [ RunTime:0.000009s ]
INFO: [ app_init ] --END-- [ RunTime:0.000050s ]

[ 2017-05-19T14:24:58+08:00 ] ::1 /webzuoye/user/pass.html
INFO: [ app_init ] --START--
INFO: Run Behavior\BuildLiteBehavior [ RunTime:0.000009s ]
INFO: [ app_init ] --END-- [ RunTime:0.000050s ]

[ 2017-05-19T14:28:59+08:00 ] ::1 /webzuoye/user/index.html
INFO: [ app_init ] --START--
INFO: Run Behavior\BuildLiteBehavior [ RunTime:0.000011s ]
INFO: [ app_init ] --END-- [ RunTime:0.000062s ]

[ 2017-05-19T14:28:59+08:00 ] ::1 /webzuoye/user/inform.html
INFO: [ app_init ] --START--
INFO: Run Behavior\BuildLiteBehavior [ RunTime:0.000023s ]
INFO: [ app_init ] --END-- [ RunTime:0.000085s ]

[ 2017-05-19T14:29:01+08:00 ] ::1 /webzuoye/user/shiyandagang.html
INFO: [ app_init ] --START--
INFO: Run Behavior\BuildLiteBehavior [ RunTime:0.000010s ]
INFO: [ app_init ] --END-- [ RunTime:0.000059s ]

[ 2017-05-19T14:29:04+08:00 ] ::1 /webzuoye/user/shiyanzhidaoshu.html
INFO: [ app_init ] --START--
INFO: Run Behavior\BuildLiteBehavior [ RunTime:0.000010s ]
INFO: [ app_init ] --END-- [ RunTime:0.000060s ]

[ 2017-05-19T14:29:09+08:00 ] ::1 /webzuoye/user/xitidaan.html
INFO: [ app_init ] --START--
INFO: Run Behavior\BuildLiteBehavior [ RunTime:0.000011s ]
INFO: [ app_init ] --END-- [ RunTime:0.000057s ]

[ 2017-05-19T14:29:16+08:00 ] ::1 /webzuoye/user/creat.html
INFO: [ app_init ] --START--
INFO: Run Behavior\BuildLiteBehavior [ RunTime:0.000010s ]
INFO: [ app_init ] --END-- [ RunTime:0.000057s ]

[ 2017-05-19T14:29:16+08:00 ] ::1 /webzuoye/public/js/laydate.js
INFO: [ app_init ] --START--
INFO: Run Behavior\BuildLiteBehavior [ RunTime:0.000023s ]
INFO: [ app_init ] --END-- [ RunTime:0.000119s ]
ERR: 无法加载控制器:Public

[ 2017-05-19T14:29:17+08:00 ] ::1 /webzuoye/user/creat.html
INFO: [ app_init ] --START--
INFO: Run Behavior\BuildLiteBehavior [ RunTime:0.000010s ]
INFO: [ app_init ] --END-- [ RunTime:0.000058s ]

[ 2017-05-19T14:29:18+08:00 ] ::1 /webzuoye/public/js/laydate.js
INFO: [ app_init ] --START--
INFO: Run Behavior\BuildLiteBehavior [ RunTime:0.000011s ]
INFO: [ app_init ] --END-- [ RunTime:0.000065s ]
ERR: 无法加载控制器:Public

[ 2017-05-19T14:29:18+08:00 ] ::1 /webzuoye/user/daishenpi.html
INFO: [ app_init ] --START--
INFO: Run Behavior\BuildLiteBehavior [ RunTime:0.000011s ]
INFO: [ app_init ] --END-- [ RunTime:0.000058s ]

[ 2017-05-19T14:29:19+08:00 ] ::1 /webzuoye/user/pass.html
INFO: [ app_init ] --START--
INFO: Run Behavior\BuildLiteBehavior [ RunTime:0.000010s ]
INFO: [ app_init ] --END-- [ RunTime:0.000056s ]

[ 2017-05-19T14:29:19+08:00 ] ::1 /webzuoye/user/daishenpi.html
INFO: [ app_init ] --START--
INFO: Run Behavior\BuildLiteBehavior [ RunTime:0.000011s ]
INFO: [ app_init ] --END-- [ RunTime:0.000059s ]

[ 2017-05-19T14:29:20+08:00 ] ::1 /webzuoye/user/pass.html
INFO: [ app_init ] --START--
INFO: Run Behavior\BuildLiteBehavior [ RunTime:0.000011s ]
INFO: [ app_init ] --END-- [ RunTime:0.000061s ]

[ 2017-05-19T14:29:21+08:00 ] ::1 /webzuoye/user/pass.html
INFO: [ app_init ] --START--
INFO: Run Behavior\BuildLiteBehavior [ RunTime:0.000013s ]
INFO: [ app_init ] --END-- [ RunTime:0.000073s ]

[ 2017-05-19T14:29:21+08:00 ] ::1 /webzuoye/user/daishenpi.html
INFO: [ app_init ] --START--
INFO: Run Behavior\BuildLiteBehavior [ RunTime:0.000009s ]
INFO: [ app_init ] --END-- [ RunTime:0.000057s ]

[ 2017-05-19T14:29:22+08:00 ] ::1 /webzuoye/user/daishenpi.html
INFO: [ app_init ] --START--
INFO: Run Behavior\BuildLiteBehavior [ RunTime:0.000011s ]
INFO: [ app_init ] --END-- [ RunTime:0.000057s ]

[ 2017-05-19T14:29:23+08:00 ] ::1 /webzuoye/user/daishenpi.html
INFO: [ app_init ] --START--
INFO: Run Behavior\BuildLiteBehavior [ RunTime:0.000011s ]
INFO: [ app_init ] --END-- [ RunTime:0.000059s ]

[ 2017-05-19T14:29:23+08:00 ] ::1 /webzuoye/user/creat.html
INFO: [ app_init ] --START--
INFO: Run Behavior\BuildLiteBehavior [ RunTime:0.000010s ]
INFO: [ app_init ] --END-- [ RunTime:0.000058s ]

[ 2017-05-19T14:29:23+08:00 ] ::1 /webzuoye/public/js/laydate.js
INFO: [ app_init ] --START--
INFO: Run Behavior\BuildLiteBehavior [ RunTime:0.000011s ]
INFO: [ app_init ] --END-- [ RunTime:0.000104s ]
ERR: 无法加载控制器:Public

[ 2017-05-19T14:36:38+08:00 ] ::1 /webzuoye/user/creat.html
INFO: [ app_init ] --START--
INFO: Run Behavior\BuildLiteBehavior [ RunTime:0.000014s ]
INFO: [ app_init ] --END-- [ RunTime:0.000080s ]

[ 2017-05-19T14:36:38+08:00 ] ::1 /webzuoye/public/js/laydate.js
INFO: [ app_init ] --START--
INFO: Run Behavior\BuildLiteBehavior [ RunTime:0.000013s ]
INFO: [ app_init ] --END-- [ RunTime:0.000063s ]
ERR: 无法加载控制器:Public

[ 2017-05-19T14:36:42+08:00 ] ::1 /webzuoye/user/daishenpi.html
INFO: [ app_init ] --START--
INFO: Run Behavior\BuildLiteBehavior [ RunTime:0.000011s ]
INFO: [ app_init ] --END-- [ RunTime:0.000059s ]

[ 2017-05-19T14:36:48+08:00 ] ::1 /webzuoye/user/pass.html
INFO: [ app_init ] --START--
INFO: Run Behavior\BuildLiteBehavior [ RunTime:0.000013s ]
INFO: [ app_init ] --END-- [ RunTime:0.000071s ]

[ 2017-05-19T14:36:50+08:00 ] ::1 /webzuoye/user/nopass.html
INFO: [ app_init ] --START--
INFO: Run Behavior\BuildLiteBehavior [ RunTime:0.000010s ]
INFO: [ app_init ] --END-- [ RunTime:0.000057s ]

[ 2017-05-19T14:36:52+08:00 ] ::1 /webzuoye/user/pass.html
INFO: [ app_init ] --START--
INFO: Run Behavior\BuildLiteBehavior [ RunTime:0.000012s ]
INFO: [ app_init ] --END-- [ RunTime:0.000060s ]

[ 2017-05-19T14:36:54+08:00 ] ::1 /webzuoye/user/daishenpi.html
INFO: [ app_init ] --START--
INFO: Run Behavior\BuildLiteBehavior [ RunTime:0.000011s ]
INFO: [ app_init ] --END-- [ RunTime:0.000058s ]

[ 2017-05-19T14:39:10+08:00 ] ::1 /webzuoye/user/index.html
INFO: [ app_init ] --START--
INFO: Run Behavior\BuildLiteBehavior [ RunTime:0.000015s ]
INFO: [ app_init ] --END-- [ RunTime:0.000069s ]

[ 2017-05-19T14:39:11+08:00 ] ::1 /webzuoye/user/inform.html
INFO: [ app_init ] --START--
INFO: Run Behavior\BuildLiteBehavior [ RunTime:0.000012s ]
INFO: [ app_init ] --END-- [ RunTime:0.000063s ]

[ 2017-05-19T14:39:14+08:00 ] ::1 /webzuoye/user/creat.html
INFO: [ app_init ] --START--
INFO: Run Behavior\BuildLiteBehavior [ RunTime:0.000011s ]
INFO: [ app_init ] --END-- [ RunTime:0.000058s ]

[ 2017-05-19T14:39:14+08:00 ] ::1 /webzuoye/public/js/laydate.js
INFO: [ app_init ] --START--
INFO: Run Behavior\BuildLiteBehavior [ RunTime:0.000011s ]
INFO: [ app_init ] --END-- [ RunTime:0.000059s ]
ERR: 无法加载控制器:Public

[ 2017-05-19T14:39:20+08:00 ] ::1 /webzuoye/user/daishenpi.html
INFO: [ app_init ] --START--
INFO: Run Behavior\BuildLiteBehavior [ RunTime:0.000010s ]
INFO: [ app_init ] --END-- [ RunTime:0.000057s ]

[ 2017-05-19T14:39:23+08:00 ] ::1 /webzuoye/user/pass.html
INFO: [ app_init ] --START--
INFO: Run Behavior\BuildLiteBehavior [ RunTime:0.000009s ]
INFO: [ app_init ] --END-- [ RunTime:0.000059s ]

[ 2017-05-19T14:39:26+08:00 ] ::1 /webzuoye/user/pass.html
INFO: [ app_init ] --START--
INFO: Run Behavior\BuildLiteBehavior [ RunTime:0.000011s ]
INFO: [ app_init ] --END-- [ RunTime:0.000059s ]

[ 2017-05-19T14:39:27+08:00 ] ::1 /webzuoye/user/nopass.html
INFO: [ app_init ] --START--
INFO: Run Behavior\BuildLiteBehavior [ RunTime:0.000011s ]
INFO: [ app_init ] --END-- [ RunTime:0.000059s ]

[ 2017-05-19T14:39:31+08:00 ] ::1 /webzuoye/user/nopass.html
INFO: [ app_init ] --START--
INFO: Run Behavior\BuildLiteBehavior [ RunTime:0.000011s ]
INFO: [ app_init ] --END-- [ RunTime:0.000058s ]

[ 2017-05-19T14:39:32+08:00 ] ::1 /webzuoye/user/nopasscontent.html?id=3
INFO: [ app_init ] --START--
INFO: Run Behavior\BuildLiteBehavior [ RunTime:0.000011s ]
INFO: [ app_init ] --END-- [ RunTime:0.000058s ]

[ 2017-05-19T14:39:37+08:00 ] ::1 /webzuoye/user/pass.html
INFO: [ app_init ] --START--
INFO: Run Behavior\BuildLiteBehavior [ RunTime:0.000010s ]
INFO: [ app_init ] --END-- [ RunTime:0.000059s ]

[ 2017-05-19T14:40:22+08:00 ] ::1 /webzuoye/user/creat.html
INFO: [ app_init ] --START--
INFO: Run Behavior\BuildLiteBehavior [ RunTime:0.000010s ]
INFO: [ app_init ] --END-- [ RunTime:0.000060s ]

[ 2017-05-19T14:40:22+08:00 ] ::1 /webzuoye/public/js/laydate.js
INFO: [ app_init ] --START--
INFO: Run Behavior\BuildLiteBehavior [ RunTime:0.000012s ]
INFO: [ app_init ] --END-- [ RunTime:0.000060s ]
ERR: 无法加载控制器:Public

[ 2017-05-19T14:40:24+08:00 ] ::1 /webzuoye/user/daishenpi.html
INFO: [ app_init ] --START--
INFO: Run Behavior\BuildLiteBehavior [ RunTime:0.000011s ]
INFO: [ app_init ] --END-- [ RunTime:0.000058s ]

[ 2017-05-19T14:40:26+08:00 ] ::1 /webzuoye/user/pass.html
INFO: [ app_init ] --START--
INFO: Run Behavior\BuildLiteBehavior [ RunTime:0.000011s ]
INFO: [ app_init ] --END-- [ RunTime:0.000060s ]

[ 2017-05-19T14:40:27+08:00 ] ::1 /webzuoye/user/nopass.html
INFO: [ app_init ] --START--
INFO: Run Behavior\BuildLiteBehavior [ RunTime:0.000010s ]
INFO: [ app_init ] --END-- [ RunTime:0.000057s ]

[ 2017-05-19T14:40:59+08:00 ] ::1 /webzuoye/user/updatauserinfo.html
INFO: [ app_init ] --START--
INFO: Run Behavior\BuildLiteBehavior [ RunTime:0.000010s ]
INFO: [ app_init ] --END-- [ RunTime:0.000057s ]

[ 2017-05-19T14:41:03+08:00 ] ::1 /webzuoye/user/updatapwd.html
INFO: [ app_init ] --START--
INFO: Run Behavior\BuildLiteBehavior [ RunTime:0.000010s ]
INFO: [ app_init ] --END-- [ RunTime:0.000058s ]

[ 2017-05-19T14:41:08+08:00 ] ::1 /webzuoye/user/updatapwd.html
INFO: [ app_init ] --START--
INFO: Run Behavior\BuildLiteBehavior [ RunTime:0.000010s ]
INFO: [ app_init ] --END-- [ RunTime:0.000059s ]

[ 2017-05-19T14:43:06+08:00 ] ::1 /webzuoye/index/outlogin.html
INFO: [ app_init ] --START--
INFO: Run Behavior\BuildLiteBehavior [ RunTime:0.000013s ]
INFO: [ app_init ] --END-- [ RunTime:0.000072s ]

[ 2017-05-19T14:43:06+08:00 ] ::1 /webzuoye/index.html
INFO: [ app_init ] --START--
INFO: Run Behavior\BuildLiteBehavior [ RunTime:0.000009s ]
INFO: [ app_init ] --END-- [ RunTime:0.000056s ]

[ 2017-05-19T14:43:14+08:00 ] ::1 /webzuoye/index/login.html
INFO: [ app_init ] --START--
INFO: Run Behavior\BuildLiteBehavior [ RunTime:0.000010s ]
INFO: [ app_init ] --END-- [ RunTime:0.000056s ]
INFO: [ app_begin ] --START--
INFO: Run Behavior\ReadHtmlCacheBehavior [ RunTime:0.000716s ]
INFO: [ app_begin ] --END-- [ RunTime:0.000767s ]
SQL: SHOW COLUMNS FROM `rs_user` [ RunTime:0.0032s ]
NOTIC: [8] Undefined index: validate F:\xampp\htdocs\webzuoye\ThinkPHP\Library\Think\Model.class.php 第 1185 行.
NOTIC: [8] Undefined index: auto F:\xampp\htdocs\webzuoye\ThinkPHP\Library\Think\Model.class.php 第 1128 行.
SQL: SELECT COUNT(*) AS tp_count FROM `rs_user` WHERE `user` = 'root' AND `pwd` = '63a9f0ea7bb98050796b649e85481845' AND `status` = 0 LIMIT 1   [ RunTime:0.0003s ]
INFO: [ app_end ] --START--
INFO: Run Behavior\ShowPageTraceBehavior [ RunTime:0.000772s ]
INFO: [ app_end ] --END-- [ RunTime:0.000815s ]

[ 2017-05-19T14:43:14+08:00 ] ::1 /webzuoye/admin/index.html
INFO: [ app_init ] --START--
INFO: Run Behavior\BuildLiteBehavior [ RunTime:0.000011s ]
INFO: [ app_init ] --END-- [ RunTime:0.000059s ]

[ 2017-05-19T14:43:14+08:00 ] ::1 /webzuoye/admin/getnum.html
INFO: [ app_init ] --START--
INFO: Run Behavior\BuildLiteBehavior [ RunTime:0.000011s ]
INFO: [ app_init ] --END-- [ RunTime:0.000062s ]
INFO: [ app_begin ] --START--
INFO: Run Behavior\ReadHtmlCacheBehavior [ RunTime:0.000570s ]
INFO: [ app_begin ] --END-- [ RunTime:0.000617s ]
SQL: SHOW COLUMNS FROM `rs_active` [ RunTime:0.0030s ]
SQL: SELECT COUNT(*) AS tp_count FROM `rs_active` WHERE ( state=0 ) LIMIT 1   [ RunTime:0.0003s ]
INFO: [ app_end ] --START--
INFO: Run Behavior\ShowPageTraceBehavior [ RunTime:0.000682s ]
INFO: [ app_end ] --END-- [ RunTime:0.000728s ]

[ 2017-05-19T14:43:14+08:00 ] ::1 /webzuoye/admin/inform.html
INFO: [ app_init ] --START--
INFO: Run Behavior\BuildLiteBehavior [ RunTime:0.000010s ]
INFO: [ app_init ] --END-- [ RunTime:0.000061s ]

[ 2017-05-19T14:43:18+08:00 ] ::1 /webzuoye/admin/adduser.html
INFO: [ app_init ] --START--
INFO: Run Behavior\BuildLiteBehavior [ RunTime:0.000010s ]
INFO: [ app_init ] --END-- [ RunTime:0.000056s ]

[ 2017-05-19T14:43:18+08:00 ] ::1 /webzuoye/admin/js/bootstrap.min.js
INFO: [ app_init ] --START--
INFO: Run Behavior\BuildLiteBehavior [ RunTime:0.000011s ]
INFO: [ app_init ] --END-- [ RunTime:0.000062s ]
ERR: 非法操作:js

[ 2017-05-19T14:43:18+08:00 ] ::1 /webzuoye/admin/js/jquery.min.js
INFO: [ app_init ] --START--
INFO: Run Behavior\BuildLiteBehavior [ RunTime:0.000011s ]
INFO: [ app_init ] --END-- [ RunTime:0.000058s ]
ERR: 非法操作:js

[ 2017-05-19T14:43:18+08:00 ] ::1 /webzuoye/admin/js/bootstrap.min.js
INFO: [ app_init ] --START--
INFO: Run Behavior\BuildLiteBehavior [ RunTime:0.000010s ]
INFO: [ app_init ] --END-- [ RunTime:0.000061s ]
ERR: 非法操作:js

[ 2017-05-19T14:43:19+08:00 ] ::1 /webzuoye/admin/alluser.html
INFO: [ app_init ] --START--
INFO: Run Behavior\BuildLiteBehavior [ RunTime:0.000010s ]
INFO: [ app_init ] --END-- [ RunTime:0.000057s ]

[ 2017-05-19T14:43:19+08:00 ] ::1 /webzuoye/admin/js/jquery.min.js
INFO: [ app_init ] --START--
INFO: Run Behavior\BuildLiteBehavior [ RunTime:0.000023s ]
INFO: [ app_init ] --END-- [ RunTime:0.000194s ]
ERR: 非法操作:js

[ 2017-05-19T14:43:19+08:00 ] ::1 /webzuoye/admin/js/bootstrap.min.js
INFO: [ app_init ] --START--
INFO: Run Behavior\BuildLiteBehavior [ RunTime:0.000024s ]
INFO: [ app_init ] --END-- [ RunTime:0.000134s ]
ERR: 非法操作:js

[ 2017-05-19T14:46:08+08:00 ] ::1 /webzuoye/admin/inform.html
INFO: [ app_init ] --START--
INFO: Run Behavior\BuildLiteBehavior [ RunTime:0.000010s ]
INFO: [ app_init ] --END-- [ RunTime:0.000061s ]

[ 2017-05-19T14:46:11+08:00 ] ::1 /webzuoye/admin/adduser.html
INFO: [ app_init ] --START--
INFO: Run Behavior\BuildLiteBehavior [ RunTime:0.000011s ]
INFO: [ app_init ] --END-- [ RunTime:0.000058s ]

[ 2017-05-19T14:46:11+08:00 ] ::1 /webzuoye/admin/js/jquery.min.js
INFO: [ app_init ] --START--
INFO: Run Behavior\BuildLiteBehavior [ RunTime:0.000013s ]
INFO: [ app_init ] --END-- [ RunTime:0.000062s ]
ERR: 非法操作:js

[ 2017-05-19T14:46:11+08:00 ] ::1 /webzuoye/admin/js/bootstrap.min.js
INFO: [ app_init ] --START--
INFO: Run Behavior\BuildLiteBehavior [ RunTime:0.000015s ]
INFO: [ app_init ] --END-- [ RunTime:0.000107s ]
ERR: 非法操作:js

[ 2017-05-19T14:47:39+08:00 ] ::1 /webzuoye/admin/adduser.html
INFO: [ app_init ] --START--
INFO: Run Behavior\BuildLiteBehavior [ RunTime:0.000020s ]
INFO: [ app_init ] --END-- [ RunTime:0.000097s ]

[ 2017-05-19T14:47:39+08:00 ] ::1 /webzuoye/admin/js/jquery.min.js
INFO: [ app_init ] --START--
INFO: Run Behavior\BuildLiteBehavior [ RunTime:0.000011s ]
INFO: [ app_init ] --END-- [ RunTime:0.000061s ]
ERR: 非法操作:js

[ 2017-05-19T14:47:39+08:00 ] ::1 /webzuoye/admin/js/bootstrap.min.js
INFO: [ app_init ] --START--
INFO: Run Behavior\BuildLiteBehavior [ RunTime:0.000011s ]
INFO: [ app_init ] --END-- [ RunTime:0.000058s ]
ERR: 非法操作:js

[ 2017-05-19T14:47:41+08:00 ] ::1 /webzuoye/admin/alluser.html
INFO: [ app_init ] --START--
INFO: Run Behavior\BuildLiteBehavior [ RunTime:0.000010s ]
INFO: [ app_init ] --END-- [ RunTime:0.000059s ]

[ 2017-05-19T14:47:41+08:00 ] ::1 /webzuoye/admin/js/bootstrap.min.js
INFO: [ app_init ] --START--
INFO: Run Behavior\BuildLiteBehavior [ RunTime:0.000011s ]
INFO: [ app_init ] --END-- [ RunTime:0.000060s ]
ERR: 非法操作:js

[ 2017-05-19T14:47:41+08:00 ] ::1 /webzuoye/admin/js/jquery.min.js
INFO: [ app_init ] --START--
INFO: Run Behavior\BuildLiteBehavior [ RunTime:0.000016s ]
INFO: [ app_init ] --END-- [ RunTime:0.000085s ]
ERR: 非法操作:js

[ 2017-05-19T14:47:41+08:00 ] ::1 /webzuoye/admin/js/bootstrap.min.js
INFO: [ app_init ] --START--
INFO: Run Behavior\BuildLiteBehavior [ RunTime:0.000012s ]
INFO: [ app_init ] --END-- [ RunTime:0.000060s ]
ERR: 非法操作:js

[ 2017-05-19T14:47:48+08:00 ] ::1 /webzuoye/admin/allinform.html
INFO: [ app_init ] --START--
INFO: Run Behavior\BuildLiteBehavior [ RunTime:0.000010s ]
INFO: [ app_init ] --END-- [ RunTime:0.000058s ]

[ 2017-05-19T14:47:48+08:00 ] ::1 /webzuoye/admin/newinform.html
INFO: [ app_init ] --START--
INFO: Run Behavior\BuildLiteBehavior [ RunTime:0.000010s ]
INFO: [ app_init ] --END-- [ RunTime:0.000057s ]

[ 2017-05-19T14:47:50+08:00 ] ::1 /webzuoye/admin/allinform.html
INFO: [ app_init ] --START--
INFO: Run Behavior\BuildLiteBehavior [ RunTime:0.000011s ]
INFO: [ app_init ] --END-- [ RunTime:0.000060s ]

[ 2017-05-19T14:47:52+08:00 ] ::1 /webzuoye/admin/weishenpi.html
INFO: [ app_init ] --START--
INFO: Run Behavior\BuildLiteBehavior [ RunTime:0.000011s ]
INFO: [ app_init ] --END-- [ RunTime:0.000059s ]

[ 2017-05-19T14:47:52+08:00 ] ::1 /webzuoye/admin/getnum.html
INFO: [ app_init ] --START--
INFO: Run Behavior\BuildLiteBehavior [ RunTime:0.000016s ]
INFO: [ app_init ] --END-- [ RunTime:0.000078s ]
INFO: [ app_begin ] --START--
INFO: Run Behavior\ReadHtmlCacheBehavior [ RunTime:0.000645s ]
INFO: [ app_begin ] --END-- [ RunTime:0.000695s ]
SQL: SHOW COLUMNS FROM `rs_active` [ RunTime:0.0028s ]
SQL: SELECT COUNT(*) AS tp_count FROM `rs_active` WHERE ( state=0 ) LIMIT 1   [ RunTime:0.0003s ]
INFO: [ app_end ] --START--
INFO: Run Behavior\ShowPageTraceBehavior [ RunTime:0.000745s ]
INFO: [ app_end ] --END-- [ RunTime:0.000791s ]

[ 2017-05-19T14:47:53+08:00 ] ::1 /webzuoye/admin/yitongguo.html
INFO: [ app_init ] --START--
INFO: Run Behavior\BuildLiteBehavior [ RunTime:0.000011s ]
INFO: [ app_init ] --END-- [ RunTime:0.000061s ]

[ 2017-05-19T14:47:54+08:00 ] ::1 /webzuoye/admin/yibohui.html
INFO: [ app_init ] --START--
INFO: Run Behavior\BuildLiteBehavior [ RunTime:0.000011s ]
INFO: [ app_init ] --END-- [ RunTime:0.000058s ]

[ 2017-05-19T14:47:56+08:00 ] ::1 /webzuoye/admin/yitongguo.html
INFO: [ app_init ] --START--
INFO: Run Behavior\BuildLiteBehavior [ RunTime:0.000010s ]
INFO: [ app_init ] --END-- [ RunTime:0.000061s ]

[ 2017-05-19T14:47:56+08:00 ] ::1 /webzuoye/admin/weishenpi.html
INFO: [ app_init ] --START--
INFO: Run Behavior\BuildLiteBehavior [ RunTime:0.000011s ]
INFO: [ app_init ] --END-- [ RunTime:0.000059s ]

[ 2017-05-19T14:47:57+08:00 ] ::1 /webzuoye/admin/getnum.html
INFO: [ app_init ] --START--
INFO: Run Behavior\BuildLiteBehavior [ RunTime:0.000011s ]
INFO: [ app_init ] --END-- [ RunTime:0.000067s ]
INFO: [ app_begin ] --START--
INFO: Run Behavior\ReadHtmlCacheBehavior [ RunTime:0.000703s ]
INFO: [ app_begin ] --END-- [ RunTime:0.000765s ]
SQL: SHOW COLUMNS FROM `rs_active` [ RunTime:0.0027s ]
SQL: SELECT COUNT(*) AS tp_count FROM `rs_active` WHERE ( state=0 ) LIMIT 1   [ RunTime:0.0004s ]
INFO: [ app_end ] --START--
INFO: Run Behavior\ShowPageTraceBehavior [ RunTime:0.000682s ]
INFO: [ app_end ] --END-- [ RunTime:0.000733s ]

[ 2017-05-19T14:48:50+08:00 ] ::1 /webzuoye/admin/index.html
INFO: [ app_init ] --START--
INFO: Run Behavior\BuildLiteBehavior [ RunTime:0.000012s ]
INFO: [ app_init ] --END-- [ RunTime:0.000060s ]

[ 2017-05-19T14:48:50+08:00 ] ::1 /webzuoye/admin/inform.html
INFO: [ app_init ] --START--
INFO: Run Behavior\BuildLiteBehavior [ RunTime:0.000011s ]
INFO: [ app_init ] --END-- [ RunTime:0.000058s ]

[ 2017-05-19T14:48:50+08:00 ] ::1 /webzuoye/admin/getnum.html
INFO: [ app_init ] --START--
INFO: Run Behavior\BuildLiteBehavior [ RunTime:0.000026s ]
INFO: [ app_init ] --END-- [ RunTime:0.000167s ]
INFO: [ app_begin ] --START--
INFO: Run Behavior\ReadHtmlCacheBehavior [ RunTime:0.000881s ]
INFO: [ app_begin ] --END-- [ RunTime:0.000986s ]
SQL: SHOW COLUMNS FROM `rs_active` [ RunTime:0.0035s ]
SQL: SELECT COUNT(*) AS tp_count FROM `rs_active` WHERE ( state=0 ) LIMIT 1   [ RunTime:0.0003s ]
INFO: [ app_end ] --START--
INFO: Run Behavior\ShowPageTraceBehavior [ RunTime:0.000703s ]
INFO: [ app_end ] --END-- [ RunTime:0.000752s ]

[ 2017-05-19T14:48:51+08:00 ] ::1 /webzuoye/admin/inform.html
INFO: [ app_init ] --START--
INFO: Run Behavior\BuildLiteBehavior [ RunTime:0.000010s ]
INFO: [ app_init ] --END-- [ RunTime:0.000057s ]

[ 2017-05-19T14:48:52+08:00 ] ::1 /webzuoye/admin/adduser.html
INFO: [ app_init ] --START--
INFO: Run Behavior\BuildLiteBehavior [ RunTime:0.000011s ]
INFO: [ app_init ] --END-- [ RunTime:0.000058s ]

[ 2017-05-19T14:48:52+08:00 ] ::1 /webzuoye/admin/js/jquery.min.js
INFO: [ app_init ] --START--
INFO: Run Behavior\BuildLiteBehavior [ RunTime:0.000013s ]
INFO: [ app_init ] --END-- [ RunTime:0.000060s ]
ERR: 非法操作:js

[ 2017-05-19T14:48:52+08:00 ] ::1 /webzuoye/admin/js/bootstrap.min.js
INFO: [ app_init ] --START--
INFO: Run Behavior\BuildLiteBehavior [ RunTime:0.000010s ]
INFO: [ app_init ] --END-- [ RunTime:0.000058s ]
ERR: 非法操作:js

[ 2017-05-19T14:48:54+08:00 ] ::1 /webzuoye/admin/alluser.html
INFO: [ app_init ] --START--
INFO: Run Behavior\BuildLiteBehavior [ RunTime:0.000011s ]
INFO: [ app_init ] --END-- [ RunTime:0.000058s ]

[ 2017-05-19T14:48:54+08:00 ] ::1 /webzuoye/admin/js/jquery.min.js
INFO: [ app_init ] --START--
INFO: Run Behavior\BuildLiteBehavior [ RunTime:0.000011s ]
INFO: [ app_init ] --END-- [ RunTime:0.000059s ]
ERR: 非法操作:js

[ 2017-05-19T14:48:54+08:00 ] ::1 /webzuoye/admin/js/bootstrap.min.js
INFO: [ app_init ] --START--
INFO: Run Behavior\BuildLiteBehavior [ RunTime:0.000029s ]
INFO: [ app_init ] --END-- [ RunTime:0.000110s ]
ERR: 非法操作:js

[ 2017-05-19T14:48:55+08:00 ] ::1 /webzuoye/admin/newinform.html
INFO: [ app_init ] --START--
INFO: Run Behavior\BuildLiteBehavior [ RunTime:0.000010s ]
INFO: [ app_init ] --END-- [ RunTime:0.000059s ]

[ 2017-05-19T14:48:57+08:00 ] ::1 /webzuoye/admin/allinform.html
INFO: [ app_init ] --START--
INFO: Run Behavior\BuildLiteBehavior [ RunTime:0.000009s ]
INFO: [ app_init ] --END-- [ RunTime:0.000056s ]

[ 2017-05-19T14:49:00+08:00 ] ::1 /webzuoye/admin/weishenpi.html
INFO: [ app_init ] --START--
INFO: Run Behavior\BuildLiteBehavior [ RunTime:0.000010s ]
INFO: [ app_init ] --END-- [ RunTime:0.000057s ]

[ 2017-05-19T14:49:00+08:00 ] ::1 /webzuoye/admin/getnum.html
INFO: [ app_init ] --START--
INFO: Run Behavior\BuildLiteBehavior [ RunTime:0.000011s ]
INFO: [ app_init ] --END-- [ RunTime:0.000064s ]
INFO: [ app_begin ] --START--
INFO: Run Behavior\ReadHtmlCacheBehavior [ RunTime:0.000644s ]
INFO: [ app_begin ] --END-- [ RunTime:0.000700s ]
SQL: SHOW COLUMNS FROM `rs_active` [ RunTime:0.0030s ]
SQL: SELECT COUNT(*) AS tp_count FROM `rs_active` WHERE ( state=0 ) LIMIT 1   [ RunTime:0.0003s ]
INFO: [ app_end ] --START--
INFO: Run Behavior\ShowPageTraceBehavior [ RunTime:0.000685s ]
INFO: [ app_end ] --END-- [ RunTime:0.000731s ]

[ 2017-05-19T14:49:04+08:00 ] ::1 /webzuoye/admin/yibohui.html
INFO: [ app_init ] --START--
INFO: Run Behavior\BuildLiteBehavior [ RunTime:0.000011s ]
INFO: [ app_init ] --END-- [ RunTime:0.000065s ]

[ 2017-05-19T14:49:17+08:00 ] ::1 /webzuoye/admin/reson.html?id=1
INFO: [ app_init ] --START--
INFO: Run Behavior\BuildLiteBehavior [ RunTime:0.000011s ]
INFO: [ app_init ] --END-- [ RunTime:0.000060s ]

[ 2017-05-19T14:49:18+08:00 ] ::1 /webzuoye/admin/yibohui.html
INFO: [ app_init ] --START--
INFO: Run Behavior\BuildLiteBehavior [ RunTime:0.000027s ]
INFO: [ app_init ] --END-- [ RunTime:0.000141s ]

[ 2017-05-19T14:49:22+08:00 ] ::1 /webzuoye/admin/detail2.html?id=3
INFO: [ app_init ] --START--
INFO: Run Behavior\BuildLiteBehavior [ RunTime:0.000011s ]
INFO: [ app_init ] --END-- [ RunTime:0.000058s ]

[ 2017-05-19T14:49:38+08:00 ] ::1 /webzuoye/admin/success1.html?id=3
INFO: [ app_init ] --START--
INFO: Run Behavior\BuildLiteBehavior [ RunTime:0.000011s ]
INFO: [ app_init ] --END-- [ RunTime:0.000060s ]

[ 2017-05-19T14:49:40+08:00 ] ::1 /webzuoye/admin/yibohui.html
INFO: [ app_init ] --START--
INFO: Run Behavior\BuildLiteBehavior [ RunTime:0.000025s ]
INFO: [ app_init ] --END-- [ RunTime:0.000136s ]

[ 2017-05-19T14:49:40+08:00 ] ::1 /webzuoye/admin/yitongguo.html
INFO: [ app_init ] --START--
INFO: Run Behavior\BuildLiteBehavior [ RunTime:0.000010s ]
INFO: [ app_init ] --END-- [ RunTime:0.000060s ]

[ 2017-05-19T14:49:42+08:00 ] ::1 /webzuoye/admin/detail.html?id=3
INFO: [ app_init ] --START--
INFO: Run Behavior\BuildLiteBehavior [ RunTime:0.000011s ]
INFO: [ app_init ] --END-- [ RunTime:0.000058s ]

[ 2017-05-19T14:49:49+08:00 ] ::1 /webzuoye/admin/reson.html?id=3
INFO: [ app_init ] --START--
INFO: Run Behavior\BuildLiteBehavior [ RunTime:0.000011s ]
INFO: [ app_init ] --END-- [ RunTime:0.000060s ]

[ 2017-05-19T14:49:50+08:00 ] ::1 /webzuoye/admin/yitongguo.html
INFO: [ app_init ] --START--
INFO: Run Behavior\BuildLiteBehavior [ RunTime:0.000030s ]
INFO: [ app_init ] --END-- [ RunTime:0.000140s ]

[ 2017-05-19T14:49:51+08:00 ] ::1 /webzuoye/admin/yibohui.html
INFO: [ app_init ] --START--
INFO: Run Behavior\BuildLiteBehavior [ RunTime:0.000010s ]
INFO: [ app_init ] --END-- [ RunTime:0.000057s ]

[ 2017-05-19T14:49:52+08:00 ] ::1 /webzuoye/admin/detail2.html?id=3
INFO: [ app_init ] --START--
INFO: Run Behavior\BuildLiteBehavior [ RunTime:0.000011s ]
INFO: [ app_init ] --END-- [ RunTime:0.000058s ]

[ 2017-05-19T14:49:57+08:00 ] ::1 /webzuoye/admin/yibohui.html
INFO: [ app_init ] --START--
INFO: Run Behavior\BuildLiteBehavior [ RunTime:0.000010s ]
INFO: [ app_init ] --END-- [ RunTime:0.000057s ]

[ 2017-05-19T14:49:58+08:00 ] ::1 /webzuoye/admin/yitongguo.html
INFO: [ app_init ] --START--
INFO: Run Behavior\BuildLiteBehavior [ RunTime:0.000019s ]
INFO: [ app_init ] --END-- [ RunTime:0.000075s ]

[ 2017-05-19T14:50:00+08:00 ] ::1 /webzuoye/admin/yitongguo.html
INFO: [ app_init ] --START--
INFO: Run Behavior\BuildLiteBehavior [ RunTime:0.000011s ]
INFO: [ app_init ] --END-- [ RunTime:0.000059s ]

[ 2017-05-19T14:50:01+08:00 ] ::1 /webzuoye/admin/weishenpi.html
INFO: [ app_init ] --START--
INFO: Run Behavior\BuildLiteBehavior [ RunTime:0.000010s ]
INFO: [ app_init ] --END-- [ RunTime:0.000057s ]

[ 2017-05-19T14:50:02+08:00 ] ::1 /webzuoye/admin/getnum.html
INFO: [ app_init ] --START--
INFO: Run Behavior\BuildLiteBehavior [ RunTime:0.000011s ]
INFO: [ app_init ] --END-- [ RunTime:0.000059s ]
INFO: [ app_begin ] --START--
INFO: Run Behavior\ReadHtmlCacheBehavior [ RunTime:0.000629s ]
INFO: [ app_begin ] --END-- [ RunTime:0.000678s ]
SQL: SHOW COLUMNS FROM `rs_active` [ RunTime:0.0028s ]
SQL: SELECT COUNT(*) AS tp_count FROM `rs_active` WHERE ( state=0 ) LIMIT 1   [ RunTime:0.0003s ]
INFO: [ app_end ] --START--
INFO: Run Behavior\ShowPageTraceBehavior [ RunTime:0.000709s ]
INFO: [ app_end ] --END-- [ RunTime:0.000755s ]

[ 2017-05-19T14:50:04+08:00 ] ::1 /webzuoye/admin/inform.html
INFO: [ app_init ] --START--
INFO: Run Behavior\BuildLiteBehavior [ RunTime:0.000011s ]
INFO: [ app_init ] --END-- [ RunTime:0.000058s ]

[ 2017-05-19T14:50:28+08:00 ] ::1 /webzuoye/admin/getnum.html
INFO: [ app_init ] --START--
INFO: Run Behavior\BuildLiteBehavior [ RunTime:0.000026s ]
INFO: [ app_init ] --END-- [ RunTime:0.000107s ]
INFO: [ app_begin ] --START--
INFO: Run Behavior\ReadHtmlCacheBehavior [ RunTime:0.000728s ]
INFO: [ app_begin ] --END-- [ RunTime:0.000784s ]
SQL: SHOW COLUMNS FROM `rs_active` [ RunTime:0.0040s ]
SQL: SELECT COUNT(*) AS tp_count FROM `rs_active` WHERE ( state=0 ) LIMIT 1   [ RunTime:0.0003s ]
INFO: [ app_end ] --START--
INFO: Run Behavior\ShowPageTraceBehavior [ RunTime:0.000753s ]
INFO: [ app_end ] --END-- [ RunTime:0.000802s ]

[ 2017-05-19T14:50:29+08:00 ] ::1 /webzuoye/index/outlogin.html
INFO: [ app_init ] --START--
INFO: Run Behavior\BuildLiteBehavior [ RunTime:0.000010s ]
INFO: [ app_init ] --END-- [ RunTime:0.000059s ]

[ 2017-05-19T14:50:29+08:00 ] ::1 /webzuoye/index.html
INFO: [ app_init ] --START--
INFO: Run Behavior\BuildLiteBehavior [ RunTime:0.000010s ]
INFO: [ app_init ] --END-- [ RunTime:0.000057s ]

[ 2017-05-19T14:51:06+08:00 ] ::1 /webzuoye/index.html
INFO: [ app_init ] --START--
INFO: Run Behavior\BuildLiteBehavior [ RunTime:0.000011s ]
INFO: [ app_init ] --END-- [ RunTime:0.000058s ]

[ 2017-05-19T14:51:08+08:00 ] ::1 /webzuoye/index/login.html
INFO: [ app_init ] --START--
INFO: Run Behavior\BuildLiteBehavior [ RunTime:0.000011s ]
INFO: [ app_init ] --END-- [ RunTime:0.000058s ]
INFO: [ app_begin ] --START--
INFO: Run Behavior\ReadHtmlCacheBehavior [ RunTime:0.000690s ]
INFO: [ app_begin ] --END-- [ RunTime:0.000740s ]
SQL: SHOW COLUMNS FROM `rs_user` [ RunTime:0.0035s ]
NOTIC: [8] Undefined index: validate F:\xampp\htdocs\webzuoye\ThinkPHP\Library\Think\Model.class.php 第 1185 行.
NOTIC: [8] Undefined index: auto F:\xampp\htdocs\webzuoye\ThinkPHP\Library\Think\Model.class.php 第 1128 行.
SQL: SELECT COUNT(*) AS tp_count FROM `rs_user` WHERE `user` = 'root' AND `pwd` = '63a9f0ea7bb98050796b649e85481845' AND `status` = 0 LIMIT 1   [ RunTime:0.0003s ]
INFO: [ app_end ] --START--
INFO: Run Behavior\ShowPageTraceBehavior [ RunTime:0.000775s ]
INFO: [ app_end ] --END-- [ RunTime:0.000818s ]

[ 2017-05-19T14:51:08+08:00 ] ::1 /webzuoye/admin/index.html
INFO: [ app_init ] --START--
INFO: Run Behavior\BuildLiteBehavior [ RunTime:0.000010s ]
INFO: [ app_init ] --END-- [ RunTime:0.000057s ]

[ 2017-05-19T14:51:08+08:00 ] ::1 /webzuoye/admin/inform.html
INFO: [ app_init ] --START--
INFO: Run Behavior\BuildLiteBehavior [ RunTime:0.000010s ]
INFO: [ app_init ] --END-- [ RunTime:0.000065s ]

[ 2017-05-19T14:51:08+08:00 ] ::1 /webzuoye/admin/getnum.html
INFO: [ app_init ] --START--
INFO: Run Behavior\BuildLiteBehavior [ RunTime:0.000011s ]
INFO: [ app_init ] --END-- [ RunTime:0.000056s ]
INFO: [ app_begin ] --START--
INFO: Run Behavior\ReadHtmlCacheBehavior [ RunTime:0.000714s ]
INFO: [ app_begin ] --END-- [ RunTime:0.000766s ]
SQL: SHOW COLUMNS FROM `rs_active` [ RunTime:0.0029s ]
SQL: SELECT COUNT(*) AS tp_count FROM `rs_active` WHERE ( state=0 ) LIMIT 1   [ RunTime:0.0004s ]
INFO: [ app_end ] --START--
INFO: Run Behavior\ShowPageTraceBehavior [ RunTime:0.000718s ]
INFO: [ app_end ] --END-- [ RunTime:0.000767s ]

[ 2017-05-19T14:51:11+08:00 ] ::1 /webzuoye/admin/adduser.html
INFO: [ app_init ] --START--
INFO: Run Behavior\BuildLiteBehavior [ RunTime:0.000010s ]
INFO: [ app_init ] --END-- [ RunTime:0.000058s ]

[ 2017-05-19T14:51:11+08:00 ] ::1 /webzuoye/admin/js/bootstrap.min.js
INFO: [ app_init ] --START--
INFO: Run Behavior\BuildLiteBehavior [ RunTime:0.000010s ]
INFO: [ app_init ] --END-- [ RunTime:0.000058s ]
ERR: 非法操作:js

[ 2017-05-19T14:51:11+08:00 ] ::1 /webzuoye/admin/js/jquery.min.js
INFO: [ app_init ] --START--
INFO: Run Behavior\BuildLiteBehavior [ RunTime:0.000011s ]
INFO: [ app_init ] --END-- [ RunTime:0.000055s ]
ERR: 非法操作:js

[ 2017-05-19T14:51:11+08:00 ] ::1 /webzuoye/admin/js/bootstrap.min.js
INFO: [ app_init ] --START--
INFO: Run Behavior\BuildLiteBehavior [ RunTime:0.000015s ]
INFO: [ app_init ] --END-- [ RunTime:0.000064s ]
ERR: 非法操作:js

[ 2017-05-19T14:51:12+08:00 ] ::1 /webzuoye/admin/alluser.html
INFO: [ app_init ] --START--
INFO: Run Behavior\BuildLiteBehavior [ RunTime:0.000011s ]
INFO: [ app_init ] --END-- [ RunTime:0.000058s ]

[ 2017-05-19T14:51:12+08:00 ] ::1 /webzuoye/admin/js/jquery.min.js
INFO: [ app_init ] --START--
INFO: Run Behavior\BuildLiteBehavior [ RunTime:0.000013s ]
INFO: [ app_init ] --END-- [ RunTime:0.000061s ]
ERR: 非法操作:js

[ 2017-05-19T14:51:12+08:00 ] ::1 /webzuoye/admin/js/bootstrap.min.js
INFO: [ app_init ] --START--
INFO: Run Behavior\BuildLiteBehavior [ RunTime:0.000011s ]
INFO: [ app_init ] --END-- [ RunTime:0.000062s ]
ERR: 非法操作:js

[ 2017-05-19T14:51:16+08:00 ] ::1 /webzuoye/admin/newinform.html
INFO: [ app_init ] --START--
INFO: Run Behavior\BuildLiteBehavior [ RunTime:0.000010s ]
INFO: [ app_init ] --END-- [ RunTime:0.000058s ]

[ 2017-05-19T14:51:17+08:00 ] ::1 /webzuoye/admin/allinform.html
INFO: [ app_init ] --START--
INFO: Run Behavior\BuildLiteBehavior [ RunTime:0.000010s ]
INFO: [ app_init ] --END-- [ RunTime:0.000059s ]

[ 2017-05-19T14:51:19+08:00 ] ::1 /webzuoye/admin/weishenpi.html
INFO: [ app_init ] --START--
INFO: Run Behavior\BuildLiteBehavior [ RunTime:0.000010s ]
INFO: [ app_init ] --END-- [ RunTime:0.000057s ]

[ 2017-05-19T14:51:20+08:00 ] ::1 /webzuoye/admin/getnum.html
INFO: [ app_init ] --START--
INFO: Run Behavior\BuildLiteBehavior [ RunTime:0.000011s ]
INFO: [ app_init ] --END-- [ RunTime:0.000059s ]
INFO: [ app_begin ] --START--
INFO: Run Behavior\ReadHtmlCacheBehavior [ RunTime:0.000625s ]
INFO: [ app_begin ] --END-- [ RunTime:0.000675s ]
SQL: SHOW COLUMNS FROM `rs_active` [ RunTime:0.0028s ]
SQL: SELECT COUNT(*) AS tp_count FROM `rs_active` WHERE ( state=0 ) LIMIT 1   [ RunTime:0.0003s ]
INFO: [ app_end ] --START--
INFO: Run Behavior\ShowPageTraceBehavior [ RunTime:0.000727s ]
INFO: [ app_end ] --END-- [ RunTime:0.000773s ]

[ 2017-05-19T14:51:21+08:00 ] ::1 /webzuoye/admin/yibohui.html
INFO: [ app_init ] --START--
INFO: Run Behavior\BuildLiteBehavior [ RunTime:0.000010s ]
INFO: [ app_init ] --END-- [ RunTime:0.000058s ]

[ 2017-05-19T14:51:45+08:00 ] ::1 /webzuoye/
INFO: [ app_init ] --START--
INFO: Run Behavior\BuildLiteBehavior [ RunTime:0.000011s ]
INFO: [ app_init ] --END-- [ RunTime:0.000058s ]

[ 2017-05-19T14:51:50+08:00 ] ::1 /webzuoye/index/login.html
INFO: [ app_init ] --START--
INFO: Run Behavior\BuildLiteBehavior [ RunTime:0.000010s ]
INFO: [ app_init ] --END-- [ RunTime:0.000057s ]
INFO: [ app_begin ] --START--
INFO: Run Behavior\ReadHtmlCacheBehavior [ RunTime:0.000692s ]
INFO: [ app_begin ] --END-- [ RunTime:0.000742s ]
SQL: SHOW COLUMNS FROM `rs_user` [ RunTime:0.0032s ]
NOTIC: [8] Undefined index: validate F:\xampp\htdocs\webzuoye\ThinkPHP\Library\Think\Model.class.php 第 1185 行.
NOTIC: [8] Undefined index: auto F:\xampp\htdocs\webzuoye\ThinkPHP\Library\Think\Model.class.php 第 1128 行.
SQL: SELECT COUNT(*) AS tp_count FROM `rs_user` WHERE `user` = 'root' AND `pwd` = '63a9f0ea7bb98050796b649e85481845' AND `status` = 0 LIMIT 1   [ RunTime:0.0003s ]
INFO: [ app_end ] --START--
INFO: Run Behavior\ShowPageTraceBehavior [ RunTime:0.000693s ]
INFO: [ app_end ] --END-- [ RunTime:0.000737s ]

[ 2017-05-19T14:51:50+08:00 ] ::1 /webzuoye/admin/index.html
INFO: [ app_init ] --START--
INFO: Run Behavior\BuildLiteBehavior [ RunTime:0.000011s ]
INFO: [ app_init ] --END-- [ RunTime:0.000059s ]

[ 2017-05-19T14:51:50+08:00 ] ::1 /webzuoye/admin/inform.html
INFO: [ app_init ] --START--
INFO: Run Behavior\BuildLiteBehavior [ RunTime:0.000029s ]
INFO: [ app_init ] --END-- [ RunTime:0.000143s ]

[ 2017-05-19T14:51:50+08:00 ] ::1 /webzuoye/admin/getnum.html
INFO: [ app_init ] --START--
INFO: Run Behavior\BuildLiteBehavior [ RunTime:0.000027s ]
INFO: [ app_init ] --END-- [ RunTime:0.000100s ]
INFO: [ app_begin ] --START--
INFO: Run Behavior\ReadHtmlCacheBehavior [ RunTime:0.000714s ]
INFO: [ app_begin ] --END-- [ RunTime:0.000768s ]
SQL: SHOW COLUMNS FROM `rs_active` [ RunTime:0.0038s ]
SQL: SELECT COUNT(*) AS tp_count FROM `rs_active` WHERE ( state=0 ) LIMIT 1   [ RunTime:0.0004s ]
INFO: [ app_end ] --START--
INFO: Run Behavior\ShowPageTraceBehavior [ RunTime:0.000795s ]
INFO: [ app_end ] --END-- [ RunTime:0.000859s ]

[ 2017-05-19T14:51:52+08:00 ] ::1 /webzuoye/admin/adduser.html
INFO: [ app_init ] --START--
INFO: Run Behavior\BuildLiteBehavior [ RunTime:0.000010s ]
INFO: [ app_init ] --END-- [ RunTime:0.000057s ]

[ 2017-05-19T14:51:52+08:00 ] ::1 /webzuoye/admin/js/jquery.min.js
INFO: [ app_init ] --START--
INFO: Run Behavior\BuildLiteBehavior [ RunTime:0.000011s ]
INFO: [ app_init ] --END-- [ RunTime:0.000058s ]
ERR: 非法操作:js

[ 2017-05-19T14:51:52+08:00 ] ::1 /webzuoye/admin/js/bootstrap.min.js
INFO: [ app_init ] --START--
INFO: Run Behavior\BuildLiteBehavior [ RunTime:0.000011s ]
INFO: [ app_init ] --END-- [ RunTime:0.000062s ]
ERR: 非法操作:js

[ 2017-05-19T14:51:52+08:00 ] ::1 /webzuoye/admin/alluser.html
INFO: [ app_init ] --START--
INFO: Run Behavior\BuildLiteBehavior [ RunTime:0.000010s ]
INFO: [ app_init ] --END-- [ RunTime:0.000058s ]

[ 2017-05-19T14:51:52+08:00 ] ::1 /webzuoye/admin/js/jquery.min.js
INFO: [ app_init ] --START--
INFO: Run Behavior\BuildLiteBehavior [ RunTime:0.000015s ]
INFO: [ app_init ] --END-- [ RunTime:0.000064s ]
ERR: 非法操作:js

[ 2017-05-19T14:51:52+08:00 ] ::1 /webzuoye/admin/js/bootstrap.min.js
INFO: [ app_init ] --START--
INFO: Run Behavior\BuildLiteBehavior [ RunTime:0.000011s ]
INFO: [ app_init ] --END-- [ RunTime:0.000056s ]
ERR: 非法操作:js

[ 2017-05-19T14:51:54+08:00 ] ::1 /webzuoye/admin/newinform.html
INFO: [ app_init ] --START--
INFO: Run Behavior\BuildLiteBehavior [ RunTime:0.000011s ]
INFO: [ app_init ] --END-- [ RunTime:0.000058s ]

[ 2017-05-19T14:51:55+08:00 ] ::1 /webzuoye/admin/allinform.html
INFO: [ app_init ] --START--
INFO: Run Behavior\BuildLiteBehavior [ RunTime:0.000021s ]
INFO: [ app_init ] --END-- [ RunTime:0.000086s ]

[ 2017-05-19T14:51:56+08:00 ] ::1 /webzuoye/admin/weishenpi.html
INFO: [ app_init ] --START--
INFO: Run Behavior\BuildLiteBehavior [ RunTime:0.000010s ]
INFO: [ app_init ] --END-- [ RunTime:0.000059s ]

[ 2017-05-19T14:51:57+08:00 ] ::1 /webzuoye/admin/getnum.html
INFO: [ app_init ] --START--
INFO: Run Behavior\BuildLiteBehavior [ RunTime:0.000011s ]
INFO: [ app_init ] --END-- [ RunTime:0.000060s ]
INFO: [ app_begin ] --START--
INFO: Run Behavior\ReadHtmlCacheBehavior [ RunTime:0.000578s ]
INFO: [ app_begin ] --END-- [ RunTime:0.000632s ]
SQL: SHOW COLUMNS FROM `rs_active` [ RunTime:0.0028s ]
SQL: SELECT COUNT(*) AS tp_count FROM `rs_active` WHERE ( state=0 ) LIMIT 1   [ RunTime:0.0003s ]
INFO: [ app_end ] --START--
INFO: Run Behavior\ShowPageTraceBehavior [ RunTime:0.000701s ]
INFO: [ app_end ] --END-- [ RunTime:0.000749s ]

[ 2017-05-19T14:51:57+08:00 ] ::1 /webzuoye/admin/yitongguo.html
INFO: [ app_init ] --START--
INFO: Run Behavior\BuildLiteBehavior [ RunTime:0.000011s ]
INFO: [ app_init ] --END-- [ RunTime:0.000057s ]

[ 2017-05-19T14:51:58+08:00 ] ::1 /webzuoye/admin/yibohui.html
INFO: [ app_init ] --START--
INFO: Run Behavior\BuildLiteBehavior [ RunTime:0.000010s ]
INFO: [ app_init ] --END-- [ RunTime:0.000058s ]

[ 2017-05-19T14:52:00+08:00 ] ::1 /webzuoye/admin/detail2.html?id=2
INFO: [ app_init ] --START--
INFO: Run Behavior\BuildLiteBehavior [ RunTime:0.000011s ]
INFO: [ app_init ] --END-- [ RunTime:0.000057s ]

[ 2017-05-19T14:52:06+08:00 ] ::1 /webzuoye/admin/detail2.html?id=3
INFO: [ app_init ] --START--
INFO: Run Behavior\BuildLiteBehavior [ RunTime:0.000011s ]
INFO: [ app_init ] --END-- [ RunTime:0.000056s ]

[ 2017-05-19T14:52:10+08:00 ] ::1 /webzuoye/admin/inform.html
INFO: [ app_init ] --START--
INFO: Run Behavior\BuildLiteBehavior [ RunTime:0.000011s ]
INFO: [ app_init ] --END-- [ RunTime:0.000059s ]

[ 2017-05-19T14:52:22+08:00 ] ::1 /webzuoye/
INFO: [ app_init ] --START--
INFO: Run Behavior\BuildLiteBehavior [ RunTime:0.000011s ]
INFO: [ app_init ] --END-- [ RunTime:0.000058s ]

[ 2017-05-19T14:52:29+08:00 ] ::1 /webzuoye/index/login.html
INFO: [ app_init ] --START--
INFO: Run Behavior\BuildLiteBehavior [ RunTime:0.000011s ]
INFO: [ app_init ] --END-- [ RunTime:0.000060s ]
INFO: [ app_begin ] --START--
INFO: Run Behavior\ReadHtmlCacheBehavior [ RunTime:0.000769s ]
INFO: [ app_begin ] --END-- [ RunTime:0.000820s ]
SQL: SHOW COLUMNS FROM `rs_user` [ RunTime:0.0031s ]
NOTIC: [8] Undefined index: validate F:\xampp\htdocs\webzuoye\ThinkPHP\Library\Think\Model.class.php 第 1185 行.
NOTIC: [8] Undefined index: auto F:\xampp\htdocs\webzuoye\ThinkPHP\Library\Think\Model.class.php 第 1128 行.
SQL: SELECT COUNT(*) AS tp_count FROM `rs_user` WHERE `user` = '333' AND `pwd` = 'e10adc3949ba59abbe56e057f20f883e' AND `status` = 1 LIMIT 1   [ RunTime:0.0003s ]
INFO: [ app_end ] --START--
INFO: Run Behavior\ShowPageTraceBehavior [ RunTime:0.000888s ]
INFO: [ app_end ] --END-- [ RunTime:0.000932s ]

[ 2017-05-19T14:52:29+08:00 ] ::1 /webzuoye/user/index.html
INFO: [ app_init ] --START--
INFO: Run Behavior\BuildLiteBehavior [ RunTime:0.000010s ]
INFO: [ app_init ] --END-- [ RunTime:0.000058s ]

[ 2017-05-19T14:52:30+08:00 ] ::1 /webzuoye/user/inform.html
INFO: [ app_init ] --START--
INFO: Run Behavior\BuildLiteBehavior [ RunTime:0.000014s ]
INFO: [ app_init ] --END-- [ RunTime:0.000073s ]

[ 2017-05-19T14:52:31+08:00 ] ::1 /webzuoye/user/inform.html
INFO: [ app_init ] --START--
INFO: Run Behavior\BuildLiteBehavior [ RunTime:0.000011s ]
INFO: [ app_init ] --END-- [ RunTime:0.000058s ]

[ 2017-05-19T14:52:32+08:00 ] ::1 /webzuoye/user/jiaoan.html
INFO: [ app_init ] --START--
INFO: Run Behavior\BuildLiteBehavior [ RunTime:0.000010s ]
INFO: [ app_init ] --END-- [ RunTime:0.000059s ]

[ 2017-05-19T14:52:35+08:00 ] ::1 /webzuoye/user/kechengdagang.html
INFO: [ app_init ] --START--
INFO: Run Behavior\BuildLiteBehavior [ RunTime:0.000011s ]
INFO: [ app_init ] --END-- [ RunTime:0.000059s ]

[ 2017-05-19T14:52:37+08:00 ] ::1 /webzuoye/user/kechengjianjie.html
INFO: [ app_init ] --START--
INFO: Run Behavior\BuildLiteBehavior [ RunTime:0.000011s ]
INFO: [ app_init ] --END-- [ RunTime:0.000058s ]

[ 2017-05-19T14:52:40+08:00 ] ::1 /webzuoye/user/shipin.html
INFO: [ app_init ] --START--
INFO: Run Behavior\BuildLiteBehavior [ RunTime:0.000011s ]
INFO: [ app_init ] --END-- [ RunTime:0.000058s ]

[ 2017-05-19T14:52:40+08:00 ] ::1 /webzuoye/user/MY_VIDEO_POSTER.jpg
INFO: [ app_init ] --START--
INFO: Run Behavior\BuildLiteBehavior [ RunTime:0.000011s ]
INFO: [ app_init ] --END-- [ RunTime:0.000062s ]

[ 2017-05-19T14:52:40+08:00 ] ::1 /webzuoye/user/MY_VIDEO_POSTER.jpg
INFO: [ app_init ] --START--
INFO: Run Behavior\BuildLiteBehavior [ RunTime:0.000013s ]
INFO: [ app_init ] --END-- [ RunTime:0.000072s ]

[ 2017-05-19T14:52:42+08:00 ] ::1 /webzuoye/user/shipin.html
INFO: [ app_init ] --START--
INFO: Run Behavior\BuildLiteBehavior [ RunTime:0.000011s ]
INFO: [ app_init ] --END-- [ RunTime:0.000062s ]

[ 2017-05-19T14:52:42+08:00 ] ::1 /webzuoye/user/MY_VIDEO_POSTER.jpg
INFO: [ app_init ] --START--
INFO: Run Behavior\BuildLiteBehavior [ RunTime:0.000013s ]
INFO: [ app_init ] --END-- [ RunTime:0.000073s ]

[ 2017-05-19T14:52:42+08:00 ] ::1 /webzuoye/user/MY_VIDEO_POSTER.jpg
INFO: [ app_init ] --START--
INFO: Run Behavior\BuildLiteBehavior [ RunTime:0.000011s ]
INFO: [ app_init ] --END-- [ RunTime:0.000059s ]

[ 2017-05-19T14:52:43+08:00 ] ::1 /webzuoye/user/kejian.html
INFO: [ app_init ] --START--
INFO: Run Behavior\BuildLiteBehavior [ RunTime:0.000010s ]
INFO: [ app_init ] --END-- [ RunTime:0.000057s ]

[ 2017-05-19T14:52:47+08:00 ] ::1 /webzuoye/user/shiyandagang.html
INFO: [ app_init ] --START--
INFO: Run Behavior\BuildLiteBehavior [ RunTime:0.000010s ]
INFO: [ app_init ] --END-- [ RunTime:0.000057s ]

[ 2017-05-19T14:52:48+08:00 ] ::1 /webzuoye/user/shiyanzhidaoshu.html
INFO: [ app_init ] --START--
INFO: Run Behavior\BuildLiteBehavior [ RunTime:0.000010s ]
INFO: [ app_init ] --END-- [ RunTime:0.000060s ]

[ 2017-05-19T14:52:50+08:00 ] ::1 /webzuoye/user/xitidaan.html
INFO: [ app_init ] --START--
INFO: Run Behavior\BuildLiteBehavior [ RunTime:0.000010s ]
INFO: [ app_init ] --END-- [ RunTime:0.000058s ]

[ 2017-05-19T14:53:33+08:00 ] ::1 /webzuoye/user/index.html
INFO: [ app_init ] --START--
INFO: Run Behavior\BuildLiteBehavior [ RunTime:0.000011s ]
INFO: [ app_init ] --END-- [ RunTime:0.000061s ]

[ 2017-05-19T14:53:33+08:00 ] ::1 /webzuoye/user/inform.html
INFO: [ app_init ] --START--
INFO: Run Behavior\BuildLiteBehavior [ RunTime:0.000013s ]
INFO: [ app_init ] --END-- [ RunTime:0.000066s ]

[ 2017-05-19T14:53:35+08:00 ] ::1 /webzuoye/user/creat.html
INFO: [ app_init ] --START--
INFO: Run Behavior\BuildLiteBehavior [ RunTime:0.000010s ]
INFO: [ app_init ] --END-- [ RunTime:0.000058s ]

[ 2017-05-19T14:53:35+08:00 ] ::1 /webzuoye/public/js/laydate.js
INFO: [ app_init ] --START--
INFO: Run Behavior\BuildLiteBehavior [ RunTime:0.000011s ]
INFO: [ app_init ] --END-- [ RunTime:0.000060s ]
ERR: 无法加载控制器:Public

[ 2017-05-19T14:53:36+08:00 ] ::1 /webzuoye/user/daishenpi.html
INFO: [ app_init ] --START--
INFO: Run Behavior\BuildLiteBehavior [ RunTime:0.000010s ]
INFO: [ app_init ] --END-- [ RunTime:0.000058s ]

[ 2017-05-19T14:53:37+08:00 ] ::1 /webzuoye/user/pass.html
INFO: [ app_init ] --START--
INFO: Run Behavior\BuildLiteBehavior [ RunTime:0.000011s ]
INFO: [ app_init ] --END-- [ RunTime:0.000059s ]

[ 2017-05-19T14:53:37+08:00 ] ::1 /webzuoye/user/nopass.html
INFO: [ app_init ] --START--
INFO: Run Behavior\BuildLiteBehavior [ RunTime:0.000010s ]
INFO: [ app_init ] --END-- [ RunTime:0.000059s ]

[ 2017-05-19T14:53:38+08:00 ] ::1 /webzuoye/user/pass.html
INFO: [ app_init ] --START--
INFO: Run Behavior\BuildLiteBehavior [ RunTime:0.000011s ]
INFO: [ app_init ] --END-- [ RunTime:0.000058s ]

[ 2017-05-19T14:53:38+08:00 ] ::1 /webzuoye/user/daishenpi.html
INFO: [ app_init ] --START--
INFO: Run Behavior\BuildLiteBehavior [ RunTime:0.000011s ]
INFO: [ app_init ] --END-- [ RunTime:0.000059s ]

[ 2017-05-19T14:53:39+08:00 ] ::1 /webzuoye/user/nopass.html
INFO: [ app_init ] --START--
INFO: Run Behavior\BuildLiteBehavior [ RunTime:0.000010s ]
INFO: [ app_init ] --END-- [ RunTime:0.000057s ]

[ 2017-05-19T14:53:40+08:00 ] ::1 /webzuoye/user/nopasscontent.html?id=3
INFO: [ app_init ] --START--
INFO: Run Behavior\BuildLiteBehavior [ RunTime:0.000010s ]
INFO: [ app_init ] --END-- [ RunTime:0.000057s ]

[ 2017-05-19T14:53:47+08:00 ] ::1 /webzuoye/user/inform.html
INFO: [ app_init ] --START--
INFO: Run Behavior\BuildLiteBehavior [ RunTime:0.000010s ]
INFO: [ app_init ] --END-- [ RunTime:0.000058s ]

[ 2017-05-19T14:53:49+08:00 ] ::1 /webzuoye/user/informcontent.html?id=16
INFO: [ app_init ] --START--
INFO: Run Behavior\BuildLiteBehavior [ RunTime:0.000011s ]
INFO: [ app_init ] --END-- [ RunTime:0.000058s ]

