[ 2017-05-22T13:53:04+08:00 ] ::1 /webzuoye/index.html
INFO: [ app_init ] --START--
INFO: Run Behavior\BuildLiteBehavior [ RunTime:0.000026s ]
INFO: [ app_init ] --END-- [ RunTime:0.013564s ]

[ 2017-05-22T13:53:07+08:00 ] ::1 /webzuoye/index/login.html
INFO: [ app_init ] --START--
INFO: Run Behavior\BuildLiteBehavior [ RunTime:0.000007s ]
INFO: [ app_init ] --END-- [ RunTime:0.000038s ]
INFO: [ app_begin ] --START--
INFO: Run Behavior\ReadHtmlCacheBehavior [ RunTime:0.000454s ]
INFO: [ app_begin ] --END-- [ RunTime:0.000486s ]
SQL: SHOW COLUMNS FROM `rs_user` [ RunTime:0.0372s ]
NOTIC: [8] Undefined index: validate F:\xampp\htdocs\webzuoye\ThinkPHP\Library\Think\Model.class.php 第 1185 行.
NOTIC: [8] Undefined index: auto F:\xampp\htdocs\webzuoye\ThinkPHP\Library\Think\Model.class.php 第 1128 行.
SQL: SELECT COUNT(*) AS tp_count FROM `rs_user` WHERE `user` = '333' AND `pwd` = 'e10adc3949ba59abbe56e057f20f883e' AND `status` = 1 LIMIT 1   [ RunTime:0.0181s ]
INFO: [ app_end ] --START--
INFO: Run Behavior\ShowPageTraceBehavior [ RunTime:0.000734s ]
INFO: [ app_end ] --END-- [ RunTime:0.000781s ]

[ 2017-05-22T13:53:18+08:00 ] ::1 /webzuoye/index/login.html
INFO: [ app_init ] --START--
INFO: Run Behavior\BuildLiteBehavior [ RunTime:0.000008s ]
INFO: [ app_init ] --END-- [ RunTime:0.000040s ]
INFO: [ app_begin ] --START--
INFO: Run Behavior\ReadHtmlCacheBehavior [ RunTime:0.000533s ]
INFO: [ app_begin ] --END-- [ RunTime:0.000568s ]
SQL: SHOW COLUMNS FROM `rs_user` [ RunTime:0.0020s ]
NOTIC: [8] Undefined index: validate F:\xampp\htdocs\webzuoye\ThinkPHP\Library\Think\Model.class.php 第 1185 行.
NOTIC: [8] Undefined index: auto F:\xampp\htdocs\webzuoye\ThinkPHP\Library\Think\Model.class.php 第 1128 行.
SQL: SELECT COUNT(*) AS tp_count FROM `rs_user` WHERE `user` = 'student' AND `pwd` = 'e10adc3949ba59abbe56e057f20f883e' AND `status` = 1 LIMIT 1   [ RunTime:0.0002s ]
INFO: [ app_end ] --START--
INFO: Run Behavior\ShowPageTraceBehavior [ RunTime:0.000668s ]
INFO: [ app_end ] --END-- [ RunTime:0.000697s ]

[ 2017-05-22T13:53:26+08:00 ] ::1 /webzuoye/index/login.html
INFO: [ app_init ] --START--
INFO: Run Behavior\BuildLiteBehavior [ RunTime:0.000006s ]
INFO: [ app_init ] --END-- [ RunTime:0.000040s ]
INFO: [ app_begin ] --START--
INFO: Run Behavior\ReadHtmlCacheBehavior [ RunTime:0.000513s ]
INFO: [ app_begin ] --END-- [ RunTime:0.000547s ]
SQL: SHOW COLUMNS FROM `rs_user` [ RunTime:0.0019s ]
NOTIC: [8] Undefined index: validate F:\xampp\htdocs\webzuoye\ThinkPHP\Library\Think\Model.class.php 第 1185 行.
NOTIC: [8] Undefined index: auto F:\xampp\htdocs\webzuoye\ThinkPHP\Library\Think\Model.class.php 第 1128 行.
SQL: SELECT COUNT(*) AS tp_count FROM `rs_user` WHERE `user` = 'student' AND `pwd` = 'cd73502828457d15655bbd7a63fb0bc8' AND `status` = 1 LIMIT 1   [ RunTime:0.0002s ]
INFO: [ app_end ] --START--
INFO: Run Behavior\ShowPageTraceBehavior [ RunTime:0.000561s ]
INFO: [ app_end ] --END-- [ RunTime:0.000590s ]

[ 2017-05-22T13:53:26+08:00 ] ::1 /webzuoye/user/index.html
INFO: [ app_init ] --START--
INFO: Run Behavior\BuildLiteBehavior [ RunTime:0.000007s ]
INFO: [ app_init ] --END-- [ RunTime:0.000038s ]

[ 2017-05-22T13:53:26+08:00 ] ::1 /webzuoye/user/inform.html
INFO: [ app_init ] --START--
INFO: Run Behavior\BuildLiteBehavior [ RunTime:0.000007s ]
INFO: [ app_init ] --END-- [ RunTime:0.000039s ]

[ 2017-05-22T13:53:35+08:00 ] ::1 /webzuoye/index/login.html
INFO: [ app_init ] --START--
INFO: Run Behavior\BuildLiteBehavior [ RunTime:0.000007s ]
INFO: [ app_init ] --END-- [ RunTime:0.000039s ]
INFO: [ app_begin ] --START--
INFO: Run Behavior\ReadHtmlCacheBehavior [ RunTime:0.000418s ]
INFO: [ app_begin ] --END-- [ RunTime:0.000451s ]
SQL: SHOW COLUMNS FROM `rs_user` [ RunTime:0.0080s ]
NOTIC: [8] Undefined index: validate F:\xampp\htdocs\webzuoye\ThinkPHP\Library\Think\Model.class.php 第 1185 行.
NOTIC: [8] Undefined index: auto F:\xampp\htdocs\webzuoye\ThinkPHP\Library\Think\Model.class.php 第 1128 行.
SQL: SELECT COUNT(*) AS tp_count FROM `rs_user` WHERE `user` = 'student' AND `pwd` = 'cd73502828457d15655bbd7a63fb0bc8' AND `status` = 1 LIMIT 1   [ RunTime:0.0003s ]
INFO: [ app_end ] --START--
INFO: Run Behavior\ShowPageTraceBehavior [ RunTime:0.000567s ]
INFO: [ app_end ] --END-- [ RunTime:0.000596s ]

[ 2017-05-22T13:53:35+08:00 ] ::1 /webzuoye/user/index.html
INFO: [ app_init ] --START--
INFO: Run Behavior\BuildLiteBehavior [ RunTime:0.000008s ]
INFO: [ app_init ] --END-- [ RunTime:0.000040s ]

[ 2017-05-22T13:53:36+08:00 ] ::1 /webzuoye/user/inform.html
INFO: [ app_init ] --START--
INFO: Run Behavior\BuildLiteBehavior [ RunTime:0.000009s ]
INFO: [ app_init ] --END-- [ RunTime:0.000046s ]

[ 2017-05-22T13:53:37+08:00 ] ::1 /webzuoye/user/inform.html
INFO: [ app_init ] --START--
INFO: Run Behavior\BuildLiteBehavior [ RunTime:0.000007s ]
INFO: [ app_init ] --END-- [ RunTime:0.000038s ]

[ 2017-05-22T13:53:38+08:00 ] ::1 /webzuoye/user/jiaoan.html
INFO: [ app_init ] --START--
INFO: Run Behavior\BuildLiteBehavior [ RunTime:0.000007s ]
INFO: [ app_init ] --END-- [ RunTime:0.000038s ]

[ 2017-05-22T13:53:46+08:00 ] ::1 /webzuoye/user/jiaoan.html
INFO: [ app_init ] --START--
INFO: Run Behavior\BuildLiteBehavior [ RunTime:0.000007s ]
INFO: [ app_init ] --END-- [ RunTime:0.000041s ]

[ 2017-05-22T13:53:57+08:00 ] ::1 /webzuoye/user/kechengdagang.html
INFO: [ app_init ] --START--
INFO: Run Behavior\BuildLiteBehavior [ RunTime:0.000007s ]
INFO: [ app_init ] --END-- [ RunTime:0.000040s ]

[ 2017-05-22T13:54:07+08:00 ] ::1 /webzuoye/user/shipin.html
INFO: [ app_init ] --START--
INFO: Run Behavior\BuildLiteBehavior [ RunTime:0.000007s ]
INFO: [ app_init ] --END-- [ RunTime:0.000037s ]

[ 2017-05-22T13:54:07+08:00 ] ::1 /webzuoye/user/MY_VIDEO_POSTER.jpg
INFO: [ app_init ] --START--
INFO: Run Behavior\BuildLiteBehavior [ RunTime:0.000038s ]
INFO: [ app_init ] --END-- [ RunTime:0.000165s ]

[ 2017-05-22T13:54:07+08:00 ] ::1 /webzuoye/user/MY_VIDEO_POSTER.jpg
INFO: [ app_init ] --START--
INFO: Run Behavior\BuildLiteBehavior [ RunTime:0.000027s ]
INFO: [ app_init ] --END-- [ RunTime:0.000123s ]

[ 2017-05-22T13:54:27+08:00 ] ::1 /webzuoye/user/shipin.html
INFO: [ app_init ] --START--
INFO: Run Behavior\BuildLiteBehavior [ RunTime:0.000007s ]
INFO: [ app_init ] --END-- [ RunTime:0.000040s ]

[ 2017-05-22T13:54:27+08:00 ] ::1 /webzuoye/user/MY_VIDEO_POSTER.jpg
INFO: [ app_init ] --START--
INFO: Run Behavior\BuildLiteBehavior [ RunTime:0.000008s ]
INFO: [ app_init ] --END-- [ RunTime:0.000042s ]

[ 2017-05-22T13:54:27+08:00 ] ::1 /webzuoye/user/MY_VIDEO_POSTER.jpg
INFO: [ app_init ] --START--
INFO: Run Behavior\BuildLiteBehavior [ RunTime:0.000008s ]
INFO: [ app_init ] --END-- [ RunTime:0.000055s ]

[ 2017-05-22T13:54:28+08:00 ] ::1 /webzuoye/user/kejian.html
INFO: [ app_init ] --START--
INFO: Run Behavior\BuildLiteBehavior [ RunTime:0.000008s ]
INFO: [ app_init ] --END-- [ RunTime:0.000046s ]

[ 2017-05-22T13:54:35+08:00 ] ::1 /webzuoye/user/shiyandagang.html
INFO: [ app_init ] --START--
INFO: Run Behavior\BuildLiteBehavior [ RunTime:0.000008s ]
INFO: [ app_init ] --END-- [ RunTime:0.000047s ]

[ 2017-05-22T13:54:38+08:00 ] ::1 /webzuoye/user/shiyanzhidaoshu.html
INFO: [ app_init ] --START--
INFO: Run Behavior\BuildLiteBehavior [ RunTime:0.000007s ]
INFO: [ app_init ] --END-- [ RunTime:0.000039s ]

[ 2017-05-22T13:54:39+08:00 ] ::1 /webzuoye/user/xitidaan.html
INFO: [ app_init ] --START--
INFO: Run Behavior\BuildLiteBehavior [ RunTime:0.000007s ]
INFO: [ app_init ] --END-- [ RunTime:0.000057s ]

[ 2017-05-22T13:54:41+08:00 ] ::1 /webzuoye/user/creat.html
INFO: [ app_init ] --START--
INFO: Run Behavior\BuildLiteBehavior [ RunTime:0.000007s ]
INFO: [ app_init ] --END-- [ RunTime:0.000040s ]

[ 2017-05-22T13:54:41+08:00 ] ::1 /webzuoye/public/js/laydate.js
INFO: [ app_init ] --START--
INFO: Run Behavior\BuildLiteBehavior [ RunTime:0.000024s ]
INFO: [ app_init ] --END-- [ RunTime:0.000075s ]
ERR: 无法加载控制器:Public

[ 2017-05-22T13:54:42+08:00 ] ::1 /webzuoye/user/daishenpi.html
INFO: [ app_init ] --START--
INFO: Run Behavior\BuildLiteBehavior [ RunTime:0.000007s ]
INFO: [ app_init ] --END-- [ RunTime:0.000038s ]

[ 2017-05-22T13:54:43+08:00 ] ::1 /webzuoye/user/daishenpi.html
INFO: [ app_init ] --START--
INFO: Run Behavior\BuildLiteBehavior [ RunTime:0.000008s ]
INFO: [ app_init ] --END-- [ RunTime:0.000041s ]

[ 2017-05-22T13:54:43+08:00 ] ::1 /webzuoye/user/creat.html
INFO: [ app_init ] --START--
INFO: Run Behavior\BuildLiteBehavior [ RunTime:0.000008s ]
INFO: [ app_init ] --END-- [ RunTime:0.000047s ]

[ 2017-05-22T13:54:43+08:00 ] ::1 /webzuoye/public/js/laydate.js
INFO: [ app_init ] --START--
INFO: Run Behavior\BuildLiteBehavior [ RunTime:0.000011s ]
INFO: [ app_init ] --END-- [ RunTime:0.000057s ]
ERR: 无法加载控制器:Public

[ 2017-05-22T13:54:56+08:00 ] ::1 /webzuoye/user/jiaoan.html
INFO: [ app_init ] --START--
INFO: Run Behavior\BuildLiteBehavior [ RunTime:0.000008s ]
INFO: [ app_init ] --END-- [ RunTime:0.000039s ]

[ 2017-05-22T13:55:20+08:00 ] ::1 /webzuoye/index/outlogin.html
INFO: [ app_init ] --START--
INFO: Run Behavior\BuildLiteBehavior [ RunTime:0.000009s ]
INFO: [ app_init ] --END-- [ RunTime:0.000048s ]

[ 2017-05-22T13:55:20+08:00 ] ::1 /webzuoye/index.html
INFO: [ app_init ] --START--
INFO: Run Behavior\BuildLiteBehavior [ RunTime:0.000020s ]
INFO: [ app_init ] --END-- [ RunTime:0.000083s ]

[ 2017-05-22T13:55:32+08:00 ] ::1 /webzuoye/index/login.html
INFO: [ app_init ] --START--
INFO: Run Behavior\BuildLiteBehavior [ RunTime:0.000007s ]
INFO: [ app_init ] --END-- [ RunTime:0.000039s ]
INFO: [ app_begin ] --START--
INFO: Run Behavior\ReadHtmlCacheBehavior [ RunTime:0.000457s ]
INFO: [ app_begin ] --END-- [ RunTime:0.000492s ]
SQL: SHOW COLUMNS FROM `rs_user` [ RunTime:0.0074s ]
NOTIC: [8] Undefined index: validate F:\xampp\htdocs\webzuoye\ThinkPHP\Library\Think\Model.class.php 第 1185 行.
NOTIC: [8] Undefined index: auto F:\xampp\htdocs\webzuoye\ThinkPHP\Library\Think\Model.class.php 第 1128 行.
SQL: SELECT COUNT(*) AS tp_count FROM `rs_user` WHERE `user` = 'root' AND `pwd` = '63a9f0ea7bb98050796b649e85481845' AND `status` = 0 LIMIT 1   [ RunTime:0.0003s ]
INFO: [ app_end ] --START--
INFO: Run Behavior\ShowPageTraceBehavior [ RunTime:0.000569s ]
INFO: [ app_end ] --END-- [ RunTime:0.000597s ]

[ 2017-05-22T13:55:32+08:00 ] ::1 /webzuoye/admin/index.html
INFO: [ app_init ] --START--
INFO: Run Behavior\BuildLiteBehavior [ RunTime:0.000017s ]
INFO: [ app_init ] --END-- [ RunTime:0.000068s ]

[ 2017-05-22T13:55:32+08:00 ] ::1 /webzuoye/admin/inform.html
INFO: [ app_init ] --START--
INFO: Run Behavior\BuildLiteBehavior [ RunTime:0.000007s ]
INFO: [ app_init ] --END-- [ RunTime:0.000041s ]

[ 2017-05-22T13:55:32+08:00 ] ::1 /webzuoye/admin/getnum.html
INFO: [ app_init ] --START--
INFO: Run Behavior\BuildLiteBehavior [ RunTime:0.000008s ]
INFO: [ app_init ] --END-- [ RunTime:0.000042s ]
INFO: [ app_begin ] --START--
INFO: Run Behavior\ReadHtmlCacheBehavior [ RunTime:0.000650s ]
INFO: [ app_begin ] --END-- [ RunTime:0.000742s ]
SQL: SHOW COLUMNS FROM `rs_active` [ RunTime:0.0117s ]
SQL: SELECT COUNT(*) AS tp_count FROM `rs_active` WHERE ( state=0 ) LIMIT 1   [ RunTime:0.0006s ]
INFO: [ app_end ] --START--
INFO: Run Behavior\ShowPageTraceBehavior [ RunTime:0.000746s ]
INFO: [ app_end ] --END-- [ RunTime:0.000780s ]

[ 2017-05-22T13:55:34+08:00 ] ::1 /webzuoye/admin/adduser.html
INFO: [ app_init ] --START--
INFO: Run Behavior\BuildLiteBehavior [ RunTime:0.000019s ]
INFO: [ app_init ] --END-- [ RunTime:0.000071s ]

[ 2017-05-22T13:55:34+08:00 ] ::1 /webzuoye/admin/js/jquery.min.js
INFO: [ app_init ] --START--
INFO: Run Behavior\BuildLiteBehavior [ RunTime:0.000014s ]
INFO: [ app_init ] --END-- [ RunTime:0.000065s ]
ERR: 非法操作:js

[ 2017-05-22T13:55:34+08:00 ] ::1 /webzuoye/admin/js/bootstrap.min.js
INFO: [ app_init ] --START--
INFO: Run Behavior\BuildLiteBehavior [ RunTime:0.000010s ]
INFO: [ app_init ] --END-- [ RunTime:0.000046s ]
ERR: 非法操作:js

[ 2017-05-22T13:55:37+08:00 ] ::1 /webzuoye/admin/adduser.html
INFO: [ app_init ] --START--
INFO: Run Behavior\BuildLiteBehavior [ RunTime:0.000009s ]
INFO: [ app_init ] --END-- [ RunTime:0.000043s ]

[ 2017-05-22T13:55:37+08:00 ] ::1 /webzuoye/admin/js/bootstrap.min.js
INFO: [ app_init ] --START--
INFO: Run Behavior\BuildLiteBehavior [ RunTime:0.000022s ]
INFO: [ app_init ] --END-- [ RunTime:0.000139s ]
ERR: 非法操作:js

[ 2017-05-22T13:55:37+08:00 ] ::1 /webzuoye/admin/js/jquery.min.js
INFO: [ app_init ] --START--
INFO: Run Behavior\BuildLiteBehavior [ RunTime:0.000052s ]
INFO: [ app_init ] --END-- [ RunTime:0.000142s ]
ERR: 非法操作:js

[ 2017-05-22T13:55:37+08:00 ] ::1 /webzuoye/admin/js/bootstrap.min.js
INFO: [ app_init ] --START--
INFO: Run Behavior\BuildLiteBehavior [ RunTime:0.000009s ]
INFO: [ app_init ] --END-- [ RunTime:0.000043s ]
ERR: 非法操作:js

[ 2017-05-22T13:55:42+08:00 ] ::1 /webzuoye/admin/alluser.html
INFO: [ app_init ] --START--
INFO: Run Behavior\BuildLiteBehavior [ RunTime:0.000008s ]
INFO: [ app_init ] --END-- [ RunTime:0.000040s ]

[ 2017-05-22T13:55:42+08:00 ] ::1 /webzuoye/admin/js/jquery.min.js
INFO: [ app_init ] --START--
INFO: Run Behavior\BuildLiteBehavior [ RunTime:0.000008s ]
INFO: [ app_init ] --END-- [ RunTime:0.000041s ]
ERR: 非法操作:js

[ 2017-05-22T13:55:42+08:00 ] ::1 /webzuoye/admin/js/bootstrap.min.js
INFO: [ app_init ] --START--
INFO: Run Behavior\BuildLiteBehavior [ RunTime:0.000008s ]
INFO: [ app_init ] --END-- [ RunTime:0.000043s ]
ERR: 非法操作:js

[ 2017-05-22T13:55:53+08:00 ] ::1 /webzuoye/admin/newinform.html
INFO: [ app_init ] --START--
INFO: Run Behavior\BuildLiteBehavior [ RunTime:0.000007s ]
INFO: [ app_init ] --END-- [ RunTime:0.000039s ]

[ 2017-05-22T13:56:11+08:00 ] ::1 /webzuoye/admin/saveinform.html
INFO: [ app_init ] --START--
INFO: Run Behavior\BuildLiteBehavior [ RunTime:0.000008s ]
INFO: [ app_init ] --END-- [ RunTime:0.000039s ]

[ 2017-05-22T13:56:12+08:00 ] ::1 /webzuoye/admin/newinform.html
INFO: [ app_init ] --START--
INFO: Run Behavior\BuildLiteBehavior [ RunTime:0.000012s ]
INFO: [ app_init ] --END-- [ RunTime:0.000062s ]

[ 2017-05-22T13:56:15+08:00 ] ::1 /webzuoye/admin/allinform.html
INFO: [ app_init ] --START--
INFO: Run Behavior\BuildLiteBehavior [ RunTime:0.000007s ]
INFO: [ app_init ] --END-- [ RunTime:0.000041s ]

[ 2017-05-22T13:56:18+08:00 ] ::1 /webzuoye/admin/weishenpi.html
INFO: [ app_init ] --START--
INFO: Run Behavior\BuildLiteBehavior [ RunTime:0.000007s ]
INFO: [ app_init ] --END-- [ RunTime:0.000039s ]

[ 2017-05-22T13:56:18+08:00 ] ::1 /webzuoye/admin/yitongguo.html
INFO: [ app_init ] --START--
INFO: Run Behavior\BuildLiteBehavior [ RunTime:0.000007s ]
INFO: [ app_init ] --END-- [ RunTime:0.000038s ]

[ 2017-05-22T13:56:19+08:00 ] ::1 /webzuoye/admin/yibohui.html
INFO: [ app_init ] --START--
INFO: Run Behavior\BuildLiteBehavior [ RunTime:0.000007s ]
INFO: [ app_init ] --END-- [ RunTime:0.000039s ]

